

<!DOCTYPE html>
<html>
<head>
	<meta charset='utf-8' /> 
	<meta name='description' content='' />
	<meta name='robots' content='noodp, noydir' />
	<meta name='viewport' content='width=device-width, initial-scale=1' />
	<meta id="timeStampFormat" name="timeStampFormat" content='MMM d, yyyy hh:mm:ss a'/>
	
	<link href='https://fonts.googleapis.com/css?family=Source+Sans+Pro:400,600' rel='stylesheet' type='text/css' />
	<link href="https://fonts.googleapis.com/icon?family=Material+Icons" rel="stylesheet" />
	<link href='https://cdn.rawgit.com/extent-framework/extent-github-cdn/b65cd69/v3html/css/extent.css' type='text/css' rel='stylesheet' />
	
	<title>ExtentReports</title>

	<style type='text/css'>
		/* json-tree */
		.jstBracket,.jstComma,.jstValue{white-space:pre-wrap}.jstValue{font-size:10px;font-weight:400;font-family:"Lucida Console",Monaco,monospace}.jstProperty{color:#666;word-wrap:break-word}.jstBool{color:#2525CC}.jstNum{color:#D036D0}.jstNull{color:gray}.jstStr{color:#2DB669}.jstFold:after{content:' -';cursor:pointer}.jstExpand{white-space:normal}.jstExpand:after{content:' +';cursor:pointer}.jstFolded{white-space:normal!important}.jstHiddenBlock{display:none}
	</style>
	
	<script type="text/javascript">
		/*! json-tree - v0.2.2 - 2017-09-25, MIT LICENSE */
		var JSONTree=function(){var n={"&":"&amp;","<":"&lt;",">":"&gt;",'"':"&quot;","'":"&#x27;","/":"&#x2F;"},t=0,r=0;this.create=function(n,t){return r+=1,N(u(n,0,!1),{class:"jstValue"})};var e=function(t){return t.replace(/[&<>'"]/g,function(t){return n[t]})},s=function(){return r+"_"+t++},u=function(n,t,r){if(null===n)return f(r?t:0);switch(typeof n){case"boolean":return l(n,r?t:0);case"number":return i(n,r?t:0);case"string":return o(n,r?t:0);default:return n instanceof Array?a(n,t,r):c(n,t,r)}},c=function(n,t,r){var e=s(),u=Object.keys(n).map(function(r){return j(r,n[r],t+1,!0)}).join(m()),c=[g("{",r?t:0,e),N(u,{id:e}),p("}",t)].join("\n");return N(c,{})},a=function(n,t,r){var e=s(),c=n.map(function(n){return u(n,t+1,!0)}).join(m());return[g("[",r?t:0,e),N(c,{id:e}),p("]",t)].join("\n")},o=function(n,t){var r=e(JSON.stringify(n));return N(v(r,t),{class:"jstStr"})},i=function(n,t){return N(v(n,t),{class:"jstNum"})},l=function(n,t){return N(v(n,t),{class:"jstBool"})},f=function(n){return N(v("null",n),{class:"jstNull"})},j=function(n,t,r){var s=v(e(JSON.stringify(n))+": ",r),c=N(u(t,r,!1),{});return N(s+c,{class:"jstProperty"})},m=function(){return N(",\n",{class:"jstComma"})},N=function(n,t){return d("span",t,n)},d=function(n,t,r){return"<"+n+Object.keys(t).map(function(n){return" "+n+'="'+t[n]+'"'}).join("")+">"+r+"</"+n+">"},g=function(n,t,r){return N(v(n,t),{class:"jstBracket"})+N("",{class:"jstFold",onclick:"JSONTree.toggle('"+r+"')"})};this.toggle=function(n){var t=document.getElementById(n),r=t.parentNode,e=t.previousElementSibling;""===t.className?(t.className="jstHiddenBlock",r.className="jstFolded",e.className="jstExpand"):(t.className="",r.className="",e.className="jstFold")};var p=function(n,t){return N(v(n,t),{})},v=function(n,t){return Array(2*t+1).join(" ")+n};return this}();
	</script>
</head>
	<body class='extent dark default hide-overflow '>
		<div id='theme-selector' alt='Click to toggle theme. To enable by default, use theme configuration.' title='Click to toggle theme. To enable by default, use theme configuration.'>
			<span><i class='material-icons'>desktop_windows</i></span>
		</div>
<nav>
	<div class="nav-wrapper">
		<a href="#!" class="brand-logo black"><img src="https://cdn.rawgit.com/extent-framework/extent-github-cdn/d74480e/commons/img/logo.png"></a>
		<!-- slideout menu -->
		<ul id='slide-out' class='side-nav fixed hide-on-med-and-down'>
			<li class='waves-effect active'><a href='#!' view='test-view' onclick="configureView(0);chartsView('test');"><i class='material-icons'>dashboard</i></a></li>
						<li class='waves-effect'><a href='#!' view='exception-view' onclick="configureView(2)"><i class='material-icons'>bug_report</i></a></li>
			<li class='waves-effect'><a href='#!' onclick="configureView(-1);chartsView('dashboard');" view='dashboard-view'><i class='material-icons'>track_changes</i></a></li>
		</ul>
		<!-- report name -->
		<span class='report-name'>KFCCA_AutomationReport</span>
		<!-- report headline -->
		<span class='report-headline'></span>
		<!-- nav-right -->
		<ul id='nav-mobile' class='right hide-on-med-and-down nav-right'>
			<a href='#!'>
			<span class='label blue darken-3 suite-start-time'>Jun 21, 2023 02:46:01 PM</span>
			</a>
		</ul>
	</div>
</nav>		<!-- container -->
		<div class='container'>
<div id='test-view' class='view'>
	<section id='controls'>
		<div class='controls grey lighten-4'>
			<!-- test toggle -->
			<div class='chip transparent'>
				<a class='dropdown-button tests-toggle' data-activates='tests-toggle' data-constrainwidth='true' data-beloworigin='true' data-hover='true' href='#'>
				<i class='material-icons'>warning</i> Status
				</a>
				<ul id='tests-toggle' class='dropdown-content'>
										<li status='pass'><a href='#!'>Pass <i class='material-icons green-text'>check_circle</i></a></li>
					<li status='fail'><a href='#!'>Fail <i class='material-icons red-text'>cancel</i></a></li>
					<li class='divider'></li>
					<li status='clear' clear='true'><a href='#!'>Clear Filters <i class='material-icons'>clear</i></a></li>
				</ul>
			</div>
			<!-- test toggle -->
			<!-- category toggle -->
			<!-- category toggle -->
			<!-- clear filters -->
			<div class='chip transparent hide'>
				<a class='' id='clear-filters' alt='Clear Filters' title='Clear Filters'>
				<i class='material-icons'>close</i> Clear
				</a>
			</div>
			<!-- clear filters -->
			<!-- enable dashboard -->
			<div id='toggle-test-view-charts' class='chip transparent'>
				<a class='pink-text' id='enable-dashboard' alt='Enable Dashboard' title='Enable Dashboard'>
				<i class='material-icons'>track_changes</i> Dashboard
				</a>
			</div>
			<!-- enable dashboard -->
			<!-- search -->
			<div class='chip transparent' alt='Search Tests' title='Search Tests'>
				<a href="#" class='search-div'>
				<i class='material-icons'>search</i> Search
				</a>
				<div class='input-field left hide'>
					<input id='search-tests' type='text' class='validate browser-default' placeholder='Search Tests...'>
				</div>
			</div>
			<!-- search -->
		</div>
	</section>
<div id='test-view-charts' class='subview-full'>
    <div id='charts-row' class='row nm-v nm-h'>
        <div class='col s12 m12 l12 np-h'>
            <div class='card-panel nm-v'>
                <div class='left panel-name'>Tests</div>
                <div class='chart-box' style="max-height:94px;">
                    <canvas id='parent-analysis' width='90' height='70'></canvas>
                </div>
                <div class='block text-small'>
                    <span class='tooltipped' data-position='top' data-tooltip='95%'><span class='strong'>38</span> test(s) passed</span>
                </div>
                <div class='block text-small'>
                    <span class='strong tooltipped' data-position='top' data-tooltip='5%'>2</span> test(s) failed, <span class='strong tooltipped' data-position='top' data-tooltip='0%'>0</span> others
                </div>
            </div>
        </div>
    </div>
    <div id="timeline-chart" class="row nm-v nm-h">
        <div class="col s12 m12 l12 np-h">
            <div class="card-panel">
                <div class='left panel-name'>Timeline (seconds)</div>
                <div class="chart-box" style="width:98%;max-height:145px;">
                    <canvas id="timeline" height="120"></canvas>
                </div>
            </div>
        </div>
    </div>
</div>	<div class='subview-left left'>
		<div class='view-summary'>
			<ul id='test-collection' class='test-collection'>
				<li class='test displayed active  pass' status='pass' bdd='false' test-id='1'>
					<div class='test-heading'>
						<span class='test-name'>ValidateInvalid_Coupon</span>
						<span class='test-time'>Jun 21, 2023 02:46:05 PM</span>
						<span class='test-status right pass'>pass</span>
					</div>
					<div class='test-content hide'>
<div class='test-time-info'>
	<span class='label start-time'>Jun 21, 2023 02:46:05 PM</span>
	<span class='label end-time'>Jun 21, 2023 02:46:33 PM</span>
	<span class='label time-taken grey lighten-1 white-text'>0h 0m 28s+78ms</span>
</div>
<div class='test-steps'>
	<table class='bordered table-results'>
		<thead>
			<tr>
				<th>Status</th>
				<th>Timestamp</th>
				<th>Details</th>
			</tr>
		</thead>
		<tbody>
			<tr class='log' status='pass'>
				<td class='status pass' title='pass' alt='pass'><i class='material-icons'>check_circle</i></td>
				<td class='timestamp'>2:46:33 PM</td>
				<td class='step-details'>
						Test is passed
					
				</td>
			</tr>
		</tbody>
	</table>
</div>
						<ul class='screenshots'>
							<li><img class='r-img' onerror='this.style.display="none"' data-featherlight='C:\Users\2193395\eclipse-workspace\KFC_Canada_OLO\Scrshot\ValidateInvalid_Coupon.png' src='C:\Users\2193395\eclipse-workspace\KFC_Canada_OLO\Scrshot\ValidateInvalid_Coupon.png' data-src='C:\Users\2193395\eclipse-workspace\KFC_Canada_OLO\Scrshot\ValidateInvalid_Coupon.png'></li>
						</ul>
					</div>
				</li>
				<li class='test displayed active  fail' status='fail' bdd='false' test-id='2'>
					<div class='test-heading'>
						<span class='test-name'>ValidateRegisteredUser_Delivery_Future_Ordering_ByCash</span>
						<span class='test-time'>Jun 21, 2023 02:46:38 PM</span>
						<span class='test-status right fail'>fail</span>
					</div>
					<div class='test-content hide'>
<div class='test-time-info'>
	<span class='label start-time'>Jun 21, 2023 02:46:38 PM</span>
	<span class='label end-time'>Jun 21, 2023 02:47:19 PM</span>
	<span class='label time-taken grey lighten-1 white-text'>0h 0m 41s+740ms</span>
</div>
<div class='test-steps'>
	<table class='bordered table-results'>
		<thead>
			<tr>
				<th>Status</th>
				<th>Timestamp</th>
				<th>Details</th>
			</tr>
		</thead>
		<tbody>
			<tr class='log' status='fail'>
				<td class='status fail' title='fail' alt='fail'><i class='material-icons'>cancel</i></td>
				<td class='timestamp'>2:47:19 PM</td>
				<td class='step-details'>
						<textarea disabled class="code-block">org.openqa.selenium.NoSuchElementException: no such element: Unable to locate element: {"method":"xpath","selector":"//button[@class='btn']"}
  (Session info: chrome=111.0.5563.111)
For documentation on this error, please visit: https://selenium.dev/exceptions/#no_such_element
Build info: version: '4.6.0', revision: '79f1c02ae20'
System info: os.name: 'Windows 11', os.arch: 'amd64', os.version: '10.0', java.version: '19.0.1'
Driver info: org.openqa.selenium.chrome.ChromeDriver
Command: [ebee13e0de95b16b0e8fd84ff60d5e44, findElement {using=xpath, value=//button[@class='btn']}]
Capabilities {acceptInsecureCerts: false, browserName: chrome, browserVersion: 111.0.5563.111, chrome: {chromedriverVersion: 111.0.5563.64 (c710e93d5b63..., userDataDir: C:\Program Files (x86)\scop...}, goog:chromeOptions: {debuggerAddress: localhost:54700}, networkConnectionEnabled: false, pageLoadStrategy: normal, platformName: WINDOWS, proxy: Proxy(), se:cdp: ws://localhost:54700/devtoo..., se:cdpVersion: 111.0.5563.111, setWindowRect: true, strictFileInteractability: false, timeouts: {implicit: 0, pageLoad: 300000, script: 30000}, unhandledPromptBehavior: dismiss and notify, webauthn:extension:credBlob: true, webauthn:extension:largeBlob: true, webauthn:extension:minPinLength: true, webauthn:extension:prf: true, webauthn:virtualAuthenticators: true}
Session ID: ebee13e0de95b16b0e8fd84ff60d5e44
	at java.base/jdk.internal.reflect.DirectConstructorHandleAccessor.newInstance(DirectConstructorHandleAccessor.java:67)
	at java.base/java.lang.reflect.Constructor.newInstanceWithCaller(Constructor.java:500)
	at java.base/java.lang.reflect.Constructor.newInstance(Constructor.java:484)
	at org.openqa.selenium.remote.codec.w3c.W3CHttpResponseCodec.createException(W3CHttpResponseCodec.java:200)
	at org.openqa.selenium.remote.codec.w3c.W3CHttpResponseCodec.decode(W3CHttpResponseCodec.java:133)
	at org.openqa.selenium.remote.codec.w3c.W3CHttpResponseCodec.decode(W3CHttpResponseCodec.java:53)
	at org.openqa.selenium.remote.HttpCommandExecutor.execute(HttpCommandExecutor.java:184)
	at org.openqa.selenium.remote.service.DriverCommandExecutor.invokeExecute(DriverCommandExecutor.java:167)
	at org.openqa.selenium.remote.service.DriverCommandExecutor.execute(DriverCommandExecutor.java:142)
	at org.openqa.selenium.remote.RemoteWebDriver.execute(RemoteWebDriver.java:541)
	at org.openqa.selenium.remote.ElementLocation$ElementFinder$2.findElement(ElementLocation.java:162)
	at org.openqa.selenium.remote.ElementLocation.findElement(ElementLocation.java:60)
	at org.openqa.selenium.remote.RemoteWebDriver.findElement(RemoteWebDriver.java:365)
	at org.openqa.selenium.remote.RemoteWebDriver.findElement(RemoteWebDriver.java:357)
	at org.openqa.selenium.support.pagefactory.DefaultElementLocator.findElement(DefaultElementLocator.java:70)
	at org.openqa.selenium.support.pagefactory.internal.LocatingElementHandler.invoke(LocatingElementHandler.java:39)
	at jdk.proxy2/jdk.proxy2.$Proxy15.click(Unknown Source)
	at testcases.RegisteredUser_Delivery_Future_Ordering_ByCash.ValidateRegisteredUser_Delivery_Future_Ordering_ByCash(RegisteredUser_Delivery_Future_Ordering_ByCash.java:17)
	at java.base/jdk.internal.reflect.DirectMethodHandleAccessor.invoke(DirectMethodHandleAccessor.java:104)
	at java.base/java.lang.reflect.Method.invoke(Method.java:578)
	at org.testng.internal.MethodInvocationHelper.invokeMethod(MethodInvocationHelper.java:133)
	at org.testng.internal.TestInvoker.invokeMethod(TestInvoker.java:598)
	at org.testng.internal.TestInvoker.invokeTestMethod(TestInvoker.java:173)
	at org.testng.internal.MethodRunner.runInSequence(MethodRunner.java:46)
	at org.testng.internal.TestInvoker$MethodInvocationAgent.invoke(TestInvoker.java:824)
	at org.testng.internal.TestInvoker.invokeTestMethods(TestInvoker.java:146)
	at org.testng.internal.TestMethodWorker.invokeTestMethods(TestMethodWorker.java:146)
	at org.testng.internal.TestMethodWorker.run(TestMethodWorker.java:128)
	at java.base/java.util.ArrayList.forEach(ArrayList.java:1511)
	at org.testng.TestRunner.privateRun(TestRunner.java:794)
	at org.testng.TestRunner.run(TestRunner.java:596)
	at org.testng.SuiteRunner.runTest(SuiteRunner.java:377)
	at org.testng.SuiteRunner.runSequentially(SuiteRunner.java:371)
	at org.testng.SuiteRunner.privateRun(SuiteRunner.java:332)
	at org.testng.SuiteRunner.run(SuiteRunner.java:276)
	at org.testng.SuiteRunnerWorker.runSuite(SuiteRunnerWorker.java:53)
	at org.testng.SuiteRunnerWorker.run(SuiteRunnerWorker.java:96)
	at org.testng.TestNG.runSuitesSequentially(TestNG.java:1212)
	at org.testng.TestNG.runSuitesLocally(TestNG.java:1134)
	at org.testng.TestNG.runSuites(TestNG.java:1063)
	at org.testng.TestNG.run(TestNG.java:1031)
	at org.apache.maven.surefire.testng.TestNGExecutor.run(TestNGExecutor.java:324)
	at org.apache.maven.surefire.testng.TestNGXmlTestSuite.execute(TestNGXmlTestSuite.java:74)
	at org.apache.maven.surefire.testng.TestNGProvider.invoke(TestNGProvider.java:123)
	at org.apache.maven.surefire.booter.ForkedBooter.runSuitesInProcess(ForkedBooter.java:456)
	at org.apache.maven.surefire.booter.ForkedBooter.execute(ForkedBooter.java:169)
	at org.apache.maven.surefire.booter.ForkedBooter.run(ForkedBooter.java:595)
	at org.apache.maven.surefire.booter.ForkedBooter.main(ForkedBooter.java:581)
</textarea>
					
				</td>
			</tr>
		</tbody>
	</table>
</div>
						<ul class='screenshots'>
							<li><img class='r-img' onerror='this.style.display="none"' data-featherlight='C:\Users\2193395\eclipse-workspace\KFC_Canada_OLO\Scrshot\ValidateRegisteredUser_Delivery_Future_Ordering_ByCash.png' src='C:\Users\2193395\eclipse-workspace\KFC_Canada_OLO\Scrshot\ValidateRegisteredUser_Delivery_Future_Ordering_ByCash.png' data-src='C:\Users\2193395\eclipse-workspace\KFC_Canada_OLO\Scrshot\ValidateRegisteredUser_Delivery_Future_Ordering_ByCash.png'></li>
						</ul>
					</div>
				</li>
				<li class='test displayed active  pass' status='pass' bdd='false' test-id='3'>
					<div class='test-heading'>
						<span class='test-name'>ValidateFooterlinks</span>
						<span class='test-time'>Jun 21, 2023 02:47:47 PM</span>
						<span class='test-status right pass'>pass</span>
					</div>
					<div class='test-content hide'>
<div class='test-time-info'>
	<span class='label start-time'>Jun 21, 2023 02:47:47 PM</span>
	<span class='label end-time'>Jun 21, 2023 02:51:45 PM</span>
	<span class='label time-taken grey lighten-1 white-text'>0h 3m 58s+503ms</span>
</div>
<div class='test-steps'>
	<table class='bordered table-results'>
		<thead>
			<tr>
				<th>Status</th>
				<th>Timestamp</th>
				<th>Details</th>
			</tr>
		</thead>
		<tbody>
			<tr class='log' status='pass'>
				<td class='status pass' title='pass' alt='pass'><i class='material-icons'>check_circle</i></td>
				<td class='timestamp'>2:51:45 PM</td>
				<td class='step-details'>
						Test is passed
					
				</td>
			</tr>
		</tbody>
	</table>
</div>
						<ul class='screenshots'>
							<li><img class='r-img' onerror='this.style.display="none"' data-featherlight='C:\Users\2193395\eclipse-workspace\KFC_Canada_OLO\Scrshot\ValidateFooterlinks.png' src='C:\Users\2193395\eclipse-workspace\KFC_Canada_OLO\Scrshot\ValidateFooterlinks.png' data-src='C:\Users\2193395\eclipse-workspace\KFC_Canada_OLO\Scrshot\ValidateFooterlinks.png'></li>
						</ul>
					</div>
				</li>
				<li class='test displayed active  pass' status='pass' bdd='false' test-id='4'>
					<div class='test-heading'>
						<span class='test-name'>ValidateCoupons_Above_10</span>
						<span class='test-time'>Jun 21, 2023 02:51:49 PM</span>
						<span class='test-status right pass'>pass</span>
					</div>
					<div class='test-content hide'>
<div class='test-time-info'>
	<span class='label start-time'>Jun 21, 2023 02:51:49 PM</span>
	<span class='label end-time'>Jun 21, 2023 02:52:27 PM</span>
	<span class='label time-taken grey lighten-1 white-text'>0h 0m 38s+77ms</span>
</div>
<div class='test-steps'>
	<table class='bordered table-results'>
		<thead>
			<tr>
				<th>Status</th>
				<th>Timestamp</th>
				<th>Details</th>
			</tr>
		</thead>
		<tbody>
			<tr class='log' status='pass'>
				<td class='status pass' title='pass' alt='pass'><i class='material-icons'>check_circle</i></td>
				<td class='timestamp'>2:52:27 PM</td>
				<td class='step-details'>
						Test is passed
					
				</td>
			</tr>
		</tbody>
	</table>
</div>
						<ul class='screenshots'>
							<li><img class='r-img' onerror='this.style.display="none"' data-featherlight='C:\Users\2193395\eclipse-workspace\KFC_Canada_OLO\Scrshot\ValidateCoupons_Above_10.png' src='C:\Users\2193395\eclipse-workspace\KFC_Canada_OLO\Scrshot\ValidateCoupons_Above_10.png' data-src='C:\Users\2193395\eclipse-workspace\KFC_Canada_OLO\Scrshot\ValidateCoupons_Above_10.png'></li>
						</ul>
					</div>
				</li>
				<li class='test displayed active  pass' status='pass' bdd='false' test-id='5'>
					<div class='test-heading'>
						<span class='test-name'>ValidateRegisteredUserPickup_ByCard</span>
						<span class='test-time'>Jun 21, 2023 02:52:31 PM</span>
						<span class='test-status right pass'>pass</span>
					</div>
					<div class='test-content hide'>
<div class='test-time-info'>
	<span class='label start-time'>Jun 21, 2023 02:52:31 PM</span>
	<span class='label end-time'>Jun 21, 2023 02:53:14 PM</span>
	<span class='label time-taken grey lighten-1 white-text'>0h 0m 42s+673ms</span>
</div>
<div class='test-steps'>
	<table class='bordered table-results'>
		<thead>
			<tr>
				<th>Status</th>
				<th>Timestamp</th>
				<th>Details</th>
			</tr>
		</thead>
		<tbody>
			<tr class='log' status='pass'>
				<td class='status pass' title='pass' alt='pass'><i class='material-icons'>check_circle</i></td>
				<td class='timestamp'>2:53:14 PM</td>
				<td class='step-details'>
						Test is passed
					
				</td>
			</tr>
		</tbody>
	</table>
</div>
						<ul class='screenshots'>
							<li><img class='r-img' onerror='this.style.display="none"' data-featherlight='C:\Users\2193395\eclipse-workspace\KFC_Canada_OLO\Scrshot\ValidateRegisteredUserPickup_ByCard.png' src='C:\Users\2193395\eclipse-workspace\KFC_Canada_OLO\Scrshot\ValidateRegisteredUserPickup_ByCard.png' data-src='C:\Users\2193395\eclipse-workspace\KFC_Canada_OLO\Scrshot\ValidateRegisteredUserPickup_ByCard.png'></li>
						</ul>
					</div>
				</li>
				<li class='test displayed active  pass' status='pass' bdd='false' test-id='6'>
					<div class='test-heading'>
						<span class='test-name'>ValidateFindAKFC</span>
						<span class='test-time'>Jun 21, 2023 02:53:17 PM</span>
						<span class='test-status right pass'>pass</span>
					</div>
					<div class='test-content hide'>
<div class='test-time-info'>
	<span class='label start-time'>Jun 21, 2023 02:53:17 PM</span>
	<span class='label end-time'>Jun 21, 2023 02:53:25 PM</span>
	<span class='label time-taken grey lighten-1 white-text'>0h 0m 7s+555ms</span>
</div>
<div class='test-steps'>
	<table class='bordered table-results'>
		<thead>
			<tr>
				<th>Status</th>
				<th>Timestamp</th>
				<th>Details</th>
			</tr>
		</thead>
		<tbody>
			<tr class='log' status='pass'>
				<td class='status pass' title='pass' alt='pass'><i class='material-icons'>check_circle</i></td>
				<td class='timestamp'>2:53:25 PM</td>
				<td class='step-details'>
						Test is passed
					
				</td>
			</tr>
		</tbody>
	</table>
</div>
						<ul class='screenshots'>
							<li><img class='r-img' onerror='this.style.display="none"' data-featherlight='C:\Users\2193395\eclipse-workspace\KFC_Canada_OLO\Scrshot\ValidateFindAKFC.png' src='C:\Users\2193395\eclipse-workspace\KFC_Canada_OLO\Scrshot\ValidateFindAKFC.png' data-src='C:\Users\2193395\eclipse-workspace\KFC_Canada_OLO\Scrshot\ValidateFindAKFC.png'></li>
						</ul>
					</div>
				</li>
				<li class='test displayed active  pass' status='pass' bdd='false' test-id='7'>
					<div class='test-heading'>
						<span class='test-name'>Validate_Guest_User_PickUp_Future_Ordering_ByCash</span>
						<span class='test-time'>Jun 21, 2023 02:53:27 PM</span>
						<span class='test-status right pass'>pass</span>
					</div>
					<div class='test-content hide'>
<div class='test-time-info'>
	<span class='label start-time'>Jun 21, 2023 02:53:27 PM</span>
	<span class='label end-time'>Jun 21, 2023 02:53:55 PM</span>
	<span class='label time-taken grey lighten-1 white-text'>0h 0m 27s+620ms</span>
</div>
<div class='test-steps'>
	<table class='bordered table-results'>
		<thead>
			<tr>
				<th>Status</th>
				<th>Timestamp</th>
				<th>Details</th>
			</tr>
		</thead>
		<tbody>
			<tr class='log' status='pass'>
				<td class='status pass' title='pass' alt='pass'><i class='material-icons'>check_circle</i></td>
				<td class='timestamp'>2:53:55 PM</td>
				<td class='step-details'>
						Test is passed
					
				</td>
			</tr>
		</tbody>
	</table>
</div>
						<ul class='screenshots'>
							<li><img class='r-img' onerror='this.style.display="none"' data-featherlight='C:\Users\2193395\eclipse-workspace\KFC_Canada_OLO\Scrshot\Validate_Guest_User_PickUp_Future_Ordering_ByCash.png' src='C:\Users\2193395\eclipse-workspace\KFC_Canada_OLO\Scrshot\Validate_Guest_User_PickUp_Future_Ordering_ByCash.png' data-src='C:\Users\2193395\eclipse-workspace\KFC_Canada_OLO\Scrshot\Validate_Guest_User_PickUp_Future_Ordering_ByCash.png'></li>
						</ul>
					</div>
				</li>
				<li class='test displayed active  pass' status='pass' bdd='false' test-id='8'>
					<div class='test-heading'>
						<span class='test-name'>ValidateGuestUserDelivery_ByCard</span>
						<span class='test-time'>Jun 21, 2023 02:53:58 PM</span>
						<span class='test-status right pass'>pass</span>
					</div>
					<div class='test-content hide'>
<div class='test-time-info'>
	<span class='label start-time'>Jun 21, 2023 02:53:58 PM</span>
	<span class='label end-time'>Jun 21, 2023 02:54:31 PM</span>
	<span class='label time-taken grey lighten-1 white-text'>0h 0m 33s+59ms</span>
</div>
<div class='test-steps'>
	<table class='bordered table-results'>
		<thead>
			<tr>
				<th>Status</th>
				<th>Timestamp</th>
				<th>Details</th>
			</tr>
		</thead>
		<tbody>
			<tr class='log' status='pass'>
				<td class='status pass' title='pass' alt='pass'><i class='material-icons'>check_circle</i></td>
				<td class='timestamp'>2:54:31 PM</td>
				<td class='step-details'>
						Test is passed
					
				</td>
			</tr>
		</tbody>
	</table>
</div>
						<ul class='screenshots'>
							<li><img class='r-img' onerror='this.style.display="none"' data-featherlight='C:\Users\2193395\eclipse-workspace\KFC_Canada_OLO\Scrshot\ValidateGuestUserDelivery_ByCard.png' src='C:\Users\2193395\eclipse-workspace\KFC_Canada_OLO\Scrshot\ValidateGuestUserDelivery_ByCard.png' data-src='C:\Users\2193395\eclipse-workspace\KFC_Canada_OLO\Scrshot\ValidateGuestUserDelivery_ByCard.png'></li>
						</ul>
					</div>
				</li>
				<li class='test displayed active  pass' status='pass' bdd='false' test-id='9'>
					<div class='test-heading'>
						<span class='test-name'>validateLoginInvalidIdandPass</span>
						<span class='test-time'>Jun 21, 2023 02:54:34 PM</span>
						<span class='test-status right pass'>pass</span>
					</div>
					<div class='test-content hide'>
<div class='test-time-info'>
	<span class='label start-time'>Jun 21, 2023 02:54:34 PM</span>
	<span class='label end-time'>Jun 21, 2023 02:54:47 PM</span>
	<span class='label time-taken grey lighten-1 white-text'>0h 0m 12s+691ms</span>
</div>
<div class='test-steps'>
	<table class='bordered table-results'>
		<thead>
			<tr>
				<th>Status</th>
				<th>Timestamp</th>
				<th>Details</th>
			</tr>
		</thead>
		<tbody>
			<tr class='log' status='pass'>
				<td class='status pass' title='pass' alt='pass'><i class='material-icons'>check_circle</i></td>
				<td class='timestamp'>2:54:47 PM</td>
				<td class='step-details'>
						Test is passed
					
				</td>
			</tr>
		</tbody>
	</table>
</div>
						<ul class='screenshots'>
							<li><img class='r-img' onerror='this.style.display="none"' data-featherlight='C:\Users\2193395\eclipse-workspace\KFC_Canada_OLO\Scrshot\validateLoginInvalidIdandPass.png' src='C:\Users\2193395\eclipse-workspace\KFC_Canada_OLO\Scrshot\validateLoginInvalidIdandPass.png' data-src='C:\Users\2193395\eclipse-workspace\KFC_Canada_OLO\Scrshot\validateLoginInvalidIdandPass.png'></li>
						</ul>
					</div>
				</li>
				<li class='test displayed active  pass' status='pass' bdd='false' test-id='10'>
					<div class='test-heading'>
						<span class='test-name'>ValidateBehindTheBucket_ByGuestUser</span>
						<span class='test-time'>Jun 21, 2023 02:54:50 PM</span>
						<span class='test-status right pass'>pass</span>
					</div>
					<div class='test-content hide'>
<div class='test-time-info'>
	<span class='label start-time'>Jun 21, 2023 02:54:50 PM</span>
	<span class='label end-time'>Jun 21, 2023 02:55:03 PM</span>
	<span class='label time-taken grey lighten-1 white-text'>0h 0m 12s+642ms</span>
</div>
<div class='test-steps'>
	<table class='bordered table-results'>
		<thead>
			<tr>
				<th>Status</th>
				<th>Timestamp</th>
				<th>Details</th>
			</tr>
		</thead>
		<tbody>
			<tr class='log' status='pass'>
				<td class='status pass' title='pass' alt='pass'><i class='material-icons'>check_circle</i></td>
				<td class='timestamp'>2:55:03 PM</td>
				<td class='step-details'>
						Test is passed
					
				</td>
			</tr>
		</tbody>
	</table>
</div>
						<ul class='screenshots'>
							<li><img class='r-img' onerror='this.style.display="none"' data-featherlight='C:\Users\2193395\eclipse-workspace\KFC_Canada_OLO\Scrshot\ValidateBehindTheBucket_ByGuestUser.png' src='C:\Users\2193395\eclipse-workspace\KFC_Canada_OLO\Scrshot\ValidateBehindTheBucket_ByGuestUser.png' data-src='C:\Users\2193395\eclipse-workspace\KFC_Canada_OLO\Scrshot\ValidateBehindTheBucket_ByGuestUser.png'></li>
						</ul>
					</div>
				</li>
				<li class='test displayed active  fail' status='fail' bdd='false' test-id='11'>
					<div class='test-heading'>
						<span class='test-name'>ClicksavedAddesses</span>
						<span class='test-time'>Jun 21, 2023 02:55:06 PM</span>
						<span class='test-status right fail'>fail</span>
					</div>
					<div class='test-content hide'>
<div class='test-time-info'>
	<span class='label start-time'>Jun 21, 2023 02:55:06 PM</span>
	<span class='label end-time'>Jun 21, 2023 02:55:49 PM</span>
	<span class='label time-taken grey lighten-1 white-text'>0h 0m 43s+288ms</span>
</div>
<div class='test-steps'>
	<table class='bordered table-results'>
		<thead>
			<tr>
				<th>Status</th>
				<th>Timestamp</th>
				<th>Details</th>
			</tr>
		</thead>
		<tbody>
			<tr class='log' status='fail'>
				<td class='status fail' title='fail' alt='fail'><i class='material-icons'>cancel</i></td>
				<td class='timestamp'>2:55:49 PM</td>
				<td class='step-details'>
						<textarea disabled class="code-block">org.openqa.selenium.NoSuchElementException: no such element: Unable to locate element: {"method":"xpath","selector":"//button[@class='btn']"}
  (Session info: chrome=111.0.5563.111)
For documentation on this error, please visit: https://selenium.dev/exceptions/#no_such_element
Build info: version: '4.6.0', revision: '79f1c02ae20'
System info: os.name: 'Windows 11', os.arch: 'amd64', os.version: '10.0', java.version: '19.0.1'
Driver info: org.openqa.selenium.chrome.ChromeDriver
Command: [19a061332521609cdee92a56a70532c7, findElement {using=xpath, value=//button[@class='btn']}]
Capabilities {acceptInsecureCerts: false, browserName: chrome, browserVersion: 111.0.5563.111, chrome: {chromedriverVersion: 111.0.5563.64 (c710e93d5b63..., userDataDir: C:\Program Files (x86)\scop...}, goog:chromeOptions: {debuggerAddress: localhost:58197}, networkConnectionEnabled: false, pageLoadStrategy: normal, platformName: WINDOWS, proxy: Proxy(), se:cdp: ws://localhost:58197/devtoo..., se:cdpVersion: 111.0.5563.111, setWindowRect: true, strictFileInteractability: false, timeouts: {implicit: 0, pageLoad: 300000, script: 30000}, unhandledPromptBehavior: dismiss and notify, webauthn:extension:credBlob: true, webauthn:extension:largeBlob: true, webauthn:extension:minPinLength: true, webauthn:extension:prf: true, webauthn:virtualAuthenticators: true}
Session ID: 19a061332521609cdee92a56a70532c7
	at java.base/jdk.internal.reflect.DirectConstructorHandleAccessor.newInstance(DirectConstructorHandleAccessor.java:67)
	at java.base/java.lang.reflect.Constructor.newInstanceWithCaller(Constructor.java:500)
	at java.base/java.lang.reflect.Constructor.newInstance(Constructor.java:484)
	at org.openqa.selenium.remote.codec.w3c.W3CHttpResponseCodec.createException(W3CHttpResponseCodec.java:200)
	at org.openqa.selenium.remote.codec.w3c.W3CHttpResponseCodec.decode(W3CHttpResponseCodec.java:133)
	at org.openqa.selenium.remote.codec.w3c.W3CHttpResponseCodec.decode(W3CHttpResponseCodec.java:53)
	at org.openqa.selenium.remote.HttpCommandExecutor.execute(HttpCommandExecutor.java:184)
	at org.openqa.selenium.remote.service.DriverCommandExecutor.invokeExecute(DriverCommandExecutor.java:167)
	at org.openqa.selenium.remote.service.DriverCommandExecutor.execute(DriverCommandExecutor.java:142)
	at org.openqa.selenium.remote.RemoteWebDriver.execute(RemoteWebDriver.java:541)
	at org.openqa.selenium.remote.ElementLocation$ElementFinder$2.findElement(ElementLocation.java:162)
	at org.openqa.selenium.remote.ElementLocation.findElement(ElementLocation.java:60)
	at org.openqa.selenium.remote.RemoteWebDriver.findElement(RemoteWebDriver.java:365)
	at org.openqa.selenium.remote.RemoteWebDriver.findElement(RemoteWebDriver.java:357)
	at org.openqa.selenium.support.pagefactory.DefaultElementLocator.findElement(DefaultElementLocator.java:70)
	at org.openqa.selenium.support.pagefactory.internal.LocatingElementHandler.invoke(LocatingElementHandler.java:39)
	at jdk.proxy2/jdk.proxy2.$Proxy15.click(Unknown Source)
	at testcases.ValidateMyAccountTC4.ClicksavedAddesses(ValidateMyAccountTC4.java:13)
	at java.base/jdk.internal.reflect.DirectMethodHandleAccessor.invoke(DirectMethodHandleAccessor.java:104)
	at java.base/java.lang.reflect.Method.invoke(Method.java:578)
	at org.testng.internal.MethodInvocationHelper.invokeMethod(MethodInvocationHelper.java:133)
	at org.testng.internal.TestInvoker.invokeMethod(TestInvoker.java:598)
	at org.testng.internal.TestInvoker.invokeTestMethod(TestInvoker.java:173)
	at org.testng.internal.MethodRunner.runInSequence(MethodRunner.java:46)
	at org.testng.internal.TestInvoker$MethodInvocationAgent.invoke(TestInvoker.java:824)
	at org.testng.internal.TestInvoker.invokeTestMethods(TestInvoker.java:146)
	at org.testng.internal.TestMethodWorker.invokeTestMethods(TestMethodWorker.java:146)
	at org.testng.internal.TestMethodWorker.run(TestMethodWorker.java:128)
	at java.base/java.util.ArrayList.forEach(ArrayList.java:1511)
	at org.testng.TestRunner.privateRun(TestRunner.java:794)
	at org.testng.TestRunner.run(TestRunner.java:596)
	at org.testng.SuiteRunner.runTest(SuiteRunner.java:377)
	at org.testng.SuiteRunner.runSequentially(SuiteRunner.java:371)
	at org.testng.SuiteRunner.privateRun(SuiteRunner.java:332)
	at org.testng.SuiteRunner.run(SuiteRunner.java:276)
	at org.testng.SuiteRunnerWorker.runSuite(SuiteRunnerWorker.java:53)
	at org.testng.SuiteRunnerWorker.run(SuiteRunnerWorker.java:96)
	at org.testng.TestNG.runSuitesSequentially(TestNG.java:1212)
	at org.testng.TestNG.runSuitesLocally(TestNG.java:1134)
	at org.testng.TestNG.runSuites(TestNG.java:1063)
	at org.testng.TestNG.run(TestNG.java:1031)
	at org.apache.maven.surefire.testng.TestNGExecutor.run(TestNGExecutor.java:324)
	at org.apache.maven.surefire.testng.TestNGXmlTestSuite.execute(TestNGXmlTestSuite.java:74)
	at org.apache.maven.surefire.testng.TestNGProvider.invoke(TestNGProvider.java:123)
	at org.apache.maven.surefire.booter.ForkedBooter.runSuitesInProcess(ForkedBooter.java:456)
	at org.apache.maven.surefire.booter.ForkedBooter.execute(ForkedBooter.java:169)
	at org.apache.maven.surefire.booter.ForkedBooter.run(ForkedBooter.java:595)
	at org.apache.maven.surefire.booter.ForkedBooter.main(ForkedBooter.java:581)
</textarea>
					
				</td>
			</tr>
		</tbody>
	</table>
</div>
						<ul class='screenshots'>
							<li><img class='r-img' onerror='this.style.display="none"' data-featherlight='C:\Users\2193395\eclipse-workspace\KFC_Canada_OLO\Scrshot\ClicksavedAddesses.png' src='C:\Users\2193395\eclipse-workspace\KFC_Canada_OLO\Scrshot\ClicksavedAddesses.png' data-src='C:\Users\2193395\eclipse-workspace\KFC_Canada_OLO\Scrshot\ClicksavedAddesses.png'></li>
						</ul>
					</div>
				</li>
				<li class='test displayed active  pass' status='pass' bdd='false' test-id='12'>
					<div class='test-heading'>
						<span class='test-name'>ValidateCoupons</span>
						<span class='test-time'>Jun 21, 2023 02:55:53 PM</span>
						<span class='test-status right pass'>pass</span>
					</div>
					<div class='test-content hide'>
<div class='test-time-info'>
	<span class='label start-time'>Jun 21, 2023 02:55:53 PM</span>
	<span class='label end-time'>Jun 21, 2023 02:56:30 PM</span>
	<span class='label time-taken grey lighten-1 white-text'>0h 0m 37s+336ms</span>
</div>
<div class='test-steps'>
	<table class='bordered table-results'>
		<thead>
			<tr>
				<th>Status</th>
				<th>Timestamp</th>
				<th>Details</th>
			</tr>
		</thead>
		<tbody>
			<tr class='log' status='pass'>
				<td class='status pass' title='pass' alt='pass'><i class='material-icons'>check_circle</i></td>
				<td class='timestamp'>2:56:30 PM</td>
				<td class='step-details'>
						Test is passed
					
				</td>
			</tr>
		</tbody>
	</table>
</div>
						<ul class='screenshots'>
							<li><img class='r-img' onerror='this.style.display="none"' data-featherlight='C:\Users\2193395\eclipse-workspace\KFC_Canada_OLO\Scrshot\ValidateCoupons.png' src='C:\Users\2193395\eclipse-workspace\KFC_Canada_OLO\Scrshot\ValidateCoupons.png' data-src='C:\Users\2193395\eclipse-workspace\KFC_Canada_OLO\Scrshot\ValidateCoupons.png'></li>
						</ul>
					</div>
				</li>
				<li class='test displayed active  pass' status='pass' bdd='false' test-id='13'>
					<div class='test-heading'>
						<span class='test-name'>ClickfavouriteItems</span>
						<span class='test-time'>Jun 21, 2023 02:56:34 PM</span>
						<span class='test-status right pass'>pass</span>
					</div>
					<div class='test-content hide'>
<div class='test-time-info'>
	<span class='label start-time'>Jun 21, 2023 02:56:34 PM</span>
	<span class='label end-time'>Jun 21, 2023 02:57:01 PM</span>
	<span class='label time-taken grey lighten-1 white-text'>0h 0m 26s+916ms</span>
</div>
<div class='test-steps'>
	<table class='bordered table-results'>
		<thead>
			<tr>
				<th>Status</th>
				<th>Timestamp</th>
				<th>Details</th>
			</tr>
		</thead>
		<tbody>
			<tr class='log' status='pass'>
				<td class='status pass' title='pass' alt='pass'><i class='material-icons'>check_circle</i></td>
				<td class='timestamp'>2:57:01 PM</td>
				<td class='step-details'>
						Test is passed
					
				</td>
			</tr>
		</tbody>
	</table>
</div>
						<ul class='screenshots'>
							<li><img class='r-img' onerror='this.style.display="none"' data-featherlight='C:\Users\2193395\eclipse-workspace\KFC_Canada_OLO\Scrshot\ClickfavouriteItems.png' src='C:\Users\2193395\eclipse-workspace\KFC_Canada_OLO\Scrshot\ClickfavouriteItems.png' data-src='C:\Users\2193395\eclipse-workspace\KFC_Canada_OLO\Scrshot\ClickfavouriteItems.png'></li>
						</ul>
					</div>
				</li>
				<li class='test displayed active  pass' status='pass' bdd='false' test-id='14'>
					<div class='test-heading'>
						<span class='test-name'>Clicksignout</span>
						<span class='test-time'>Jun 21, 2023 02:57:04 PM</span>
						<span class='test-status right pass'>pass</span>
					</div>
					<div class='test-content hide'>
<div class='test-time-info'>
	<span class='label start-time'>Jun 21, 2023 02:57:04 PM</span>
	<span class='label end-time'>Jun 21, 2023 02:57:31 PM</span>
	<span class='label time-taken grey lighten-1 white-text'>0h 0m 26s+84ms</span>
</div>
<div class='test-steps'>
	<table class='bordered table-results'>
		<thead>
			<tr>
				<th>Status</th>
				<th>Timestamp</th>
				<th>Details</th>
			</tr>
		</thead>
		<tbody>
			<tr class='log' status='pass'>
				<td class='status pass' title='pass' alt='pass'><i class='material-icons'>check_circle</i></td>
				<td class='timestamp'>2:57:31 PM</td>
				<td class='step-details'>
						Test is passed
					
				</td>
			</tr>
		</tbody>
	</table>
</div>
						<ul class='screenshots'>
							<li><img class='r-img' onerror='this.style.display="none"' data-featherlight='C:\Users\2193395\eclipse-workspace\KFC_Canada_OLO\Scrshot\Clicksignout.png' src='C:\Users\2193395\eclipse-workspace\KFC_Canada_OLO\Scrshot\Clicksignout.png' data-src='C:\Users\2193395\eclipse-workspace\KFC_Canada_OLO\Scrshot\Clicksignout.png'></li>
						</ul>
					</div>
				</li>
				<li class='test displayed active  pass' status='pass' bdd='false' test-id='15'>
					<div class='test-heading'>
						<span class='test-name'>ValidateGuestUserDeliveryStoreSelection</span>
						<span class='test-time'>Jun 21, 2023 02:57:34 PM</span>
						<span class='test-status right pass'>pass</span>
					</div>
					<div class='test-content hide'>
<div class='test-time-info'>
	<span class='label start-time'>Jun 21, 2023 02:57:34 PM</span>
	<span class='label end-time'>Jun 21, 2023 02:57:47 PM</span>
	<span class='label time-taken grey lighten-1 white-text'>0h 0m 12s+534ms</span>
</div>
<div class='test-steps'>
	<table class='bordered table-results'>
		<thead>
			<tr>
				<th>Status</th>
				<th>Timestamp</th>
				<th>Details</th>
			</tr>
		</thead>
		<tbody>
			<tr class='log' status='pass'>
				<td class='status pass' title='pass' alt='pass'><i class='material-icons'>check_circle</i></td>
				<td class='timestamp'>2:57:47 PM</td>
				<td class='step-details'>
						Test is passed
					
				</td>
			</tr>
		</tbody>
	</table>
</div>
						<ul class='screenshots'>
							<li><img class='r-img' onerror='this.style.display="none"' data-featherlight='C:\Users\2193395\eclipse-workspace\KFC_Canada_OLO\Scrshot\ValidateGuestUserDeliveryStoreSelection.png' src='C:\Users\2193395\eclipse-workspace\KFC_Canada_OLO\Scrshot\ValidateGuestUserDeliveryStoreSelection.png' data-src='C:\Users\2193395\eclipse-workspace\KFC_Canada_OLO\Scrshot\ValidateGuestUserDeliveryStoreSelection.png'></li>
						</ul>
					</div>
				</li>
				<li class='test displayed active  pass' status='pass' bdd='false' test-id='16'>
					<div class='test-heading'>
						<span class='test-name'>ValidatePlusAndMinusInCartPageTest</span>
						<span class='test-time'>Jun 21, 2023 02:57:51 PM</span>
						<span class='test-status right pass'>pass</span>
					</div>
					<div class='test-content hide'>
<div class='test-time-info'>
	<span class='label start-time'>Jun 21, 2023 02:57:51 PM</span>
	<span class='label end-time'>Jun 21, 2023 02:58:57 PM</span>
	<span class='label time-taken grey lighten-1 white-text'>0h 1m 5s+687ms</span>
</div>
<div class='test-steps'>
	<table class='bordered table-results'>
		<thead>
			<tr>
				<th>Status</th>
				<th>Timestamp</th>
				<th>Details</th>
			</tr>
		</thead>
		<tbody>
			<tr class='log' status='pass'>
				<td class='status pass' title='pass' alt='pass'><i class='material-icons'>check_circle</i></td>
				<td class='timestamp'>2:58:57 PM</td>
				<td class='step-details'>
						Test is passed
					
				</td>
			</tr>
		</tbody>
	</table>
</div>
						<ul class='screenshots'>
							<li><img class='r-img' onerror='this.style.display="none"' data-featherlight='C:\Users\2193395\eclipse-workspace\KFC_Canada_OLO\Scrshot\ValidatePlusAndMinusInCartPageTest.png' src='C:\Users\2193395\eclipse-workspace\KFC_Canada_OLO\Scrshot\ValidatePlusAndMinusInCartPageTest.png' data-src='C:\Users\2193395\eclipse-workspace\KFC_Canada_OLO\Scrshot\ValidatePlusAndMinusInCartPageTest.png'></li>
						</ul>
					</div>
				</li>
				<li class='test displayed active  pass' status='pass' bdd='false' test-id='17'>
					<div class='test-heading'>
						<span class='test-name'>ValidateBehindTheBucket_ByRegisteredUser</span>
						<span class='test-time'>Jun 21, 2023 02:59:00 PM</span>
						<span class='test-status right pass'>pass</span>
					</div>
					<div class='test-content hide'>
<div class='test-time-info'>
	<span class='label start-time'>Jun 21, 2023 02:59:00 PM</span>
	<span class='label end-time'>Jun 21, 2023 02:59:21 PM</span>
	<span class='label time-taken grey lighten-1 white-text'>0h 0m 21s+517ms</span>
</div>
<div class='test-steps'>
	<table class='bordered table-results'>
		<thead>
			<tr>
				<th>Status</th>
				<th>Timestamp</th>
				<th>Details</th>
			</tr>
		</thead>
		<tbody>
			<tr class='log' status='pass'>
				<td class='status pass' title='pass' alt='pass'><i class='material-icons'>check_circle</i></td>
				<td class='timestamp'>2:59:21 PM</td>
				<td class='step-details'>
						Test is passed
					
				</td>
			</tr>
		</tbody>
	</table>
</div>
						<ul class='screenshots'>
							<li><img class='r-img' onerror='this.style.display="none"' data-featherlight='C:\Users\2193395\eclipse-workspace\KFC_Canada_OLO\Scrshot\ValidateBehindTheBucket_ByRegisteredUser.png' src='C:\Users\2193395\eclipse-workspace\KFC_Canada_OLO\Scrshot\ValidateBehindTheBucket_ByRegisteredUser.png' data-src='C:\Users\2193395\eclipse-workspace\KFC_Canada_OLO\Scrshot\ValidateBehindTheBucket_ByRegisteredUser.png'></li>
						</ul>
					</div>
				</li>
				<li class='test displayed active  pass' status='pass' bdd='false' test-id='18'>
					<div class='test-heading'>
						<span class='test-name'>ValidateRegisteredUserPickupStoreSelection</span>
						<span class='test-time'>Jun 21, 2023 02:59:24 PM</span>
						<span class='test-status right pass'>pass</span>
					</div>
					<div class='test-content hide'>
<div class='test-time-info'>
	<span class='label start-time'>Jun 21, 2023 02:59:24 PM</span>
	<span class='label end-time'>Jun 21, 2023 02:59:47 PM</span>
	<span class='label time-taken grey lighten-1 white-text'>0h 0m 22s+835ms</span>
</div>
<div class='test-steps'>
	<table class='bordered table-results'>
		<thead>
			<tr>
				<th>Status</th>
				<th>Timestamp</th>
				<th>Details</th>
			</tr>
		</thead>
		<tbody>
			<tr class='log' status='pass'>
				<td class='status pass' title='pass' alt='pass'><i class='material-icons'>check_circle</i></td>
				<td class='timestamp'>2:59:47 PM</td>
				<td class='step-details'>
						Test is passed
					
				</td>
			</tr>
		</tbody>
	</table>
</div>
						<ul class='screenshots'>
							<li><img class='r-img' onerror='this.style.display="none"' data-featherlight='C:\Users\2193395\eclipse-workspace\KFC_Canada_OLO\Scrshot\ValidateRegisteredUserPickupStoreSelection.png' src='C:\Users\2193395\eclipse-workspace\KFC_Canada_OLO\Scrshot\ValidateRegisteredUserPickupStoreSelection.png' data-src='C:\Users\2193395\eclipse-workspace\KFC_Canada_OLO\Scrshot\ValidateRegisteredUserPickupStoreSelection.png'></li>
						</ul>
					</div>
				</li>
				<li class='test displayed active  pass' status='pass' bdd='false' test-id='19'>
					<div class='test-heading'>
						<span class='test-name'>ValidateRegisteredUserDelivery_ByCard</span>
						<span class='test-time'>Jun 21, 2023 02:59:51 PM</span>
						<span class='test-status right pass'>pass</span>
					</div>
					<div class='test-content hide'>
<div class='test-time-info'>
	<span class='label start-time'>Jun 21, 2023 02:59:51 PM</span>
	<span class='label end-time'>Jun 21, 2023 03:00:32 PM</span>
	<span class='label time-taken grey lighten-1 white-text'>0h 0m 41s+216ms</span>
</div>
<div class='test-steps'>
	<table class='bordered table-results'>
		<thead>
			<tr>
				<th>Status</th>
				<th>Timestamp</th>
				<th>Details</th>
			</tr>
		</thead>
		<tbody>
			<tr class='log' status='pass'>
				<td class='status pass' title='pass' alt='pass'><i class='material-icons'>check_circle</i></td>
				<td class='timestamp'>3:00:32 PM</td>
				<td class='step-details'>
						Test is passed
					
				</td>
			</tr>
		</tbody>
	</table>
</div>
						<ul class='screenshots'>
							<li><img class='r-img' onerror='this.style.display="none"' data-featherlight='C:\Users\2193395\eclipse-workspace\KFC_Canada_OLO\Scrshot\ValidateRegisteredUserDelivery_ByCard.png' src='C:\Users\2193395\eclipse-workspace\KFC_Canada_OLO\Scrshot\ValidateRegisteredUserDelivery_ByCard.png' data-src='C:\Users\2193395\eclipse-workspace\KFC_Canada_OLO\Scrshot\ValidateRegisteredUserDelivery_ByCard.png'></li>
						</ul>
					</div>
				</li>
				<li class='test displayed active  pass' status='pass' bdd='false' test-id='20'>
					<div class='test-heading'>
						<span class='test-name'>ValidateGuestUserPickup_ByCash</span>
						<span class='test-time'>Jun 21, 2023 03:00:36 PM</span>
						<span class='test-status right pass'>pass</span>
					</div>
					<div class='test-content hide'>
<div class='test-time-info'>
	<span class='label start-time'>Jun 21, 2023 03:00:36 PM</span>
	<span class='label end-time'>Jun 21, 2023 03:01:00 PM</span>
	<span class='label time-taken grey lighten-1 white-text'>0h 0m 24s+148ms</span>
</div>
<div class='test-steps'>
	<table class='bordered table-results'>
		<thead>
			<tr>
				<th>Status</th>
				<th>Timestamp</th>
				<th>Details</th>
			</tr>
		</thead>
		<tbody>
			<tr class='log' status='pass'>
				<td class='status pass' title='pass' alt='pass'><i class='material-icons'>check_circle</i></td>
				<td class='timestamp'>3:01:00 PM</td>
				<td class='step-details'>
						Test is passed
					
				</td>
			</tr>
		</tbody>
	</table>
</div>
						<ul class='screenshots'>
							<li><img class='r-img' onerror='this.style.display="none"' data-featherlight='C:\Users\2193395\eclipse-workspace\KFC_Canada_OLO\Scrshot\ValidateGuestUserPickup_ByCash.png' src='C:\Users\2193395\eclipse-workspace\KFC_Canada_OLO\Scrshot\ValidateGuestUserPickup_ByCash.png' data-src='C:\Users\2193395\eclipse-workspace\KFC_Canada_OLO\Scrshot\ValidateGuestUserPickup_ByCash.png'></li>
						</ul>
					</div>
				</li>
				<li class='test displayed active  pass' status='pass' bdd='false' test-id='21'>
					<div class='test-heading'>
						<span class='test-name'>ClickfavouriteOrders</span>
						<span class='test-time'>Jun 21, 2023 03:01:03 PM</span>
						<span class='test-status right pass'>pass</span>
					</div>
					<div class='test-content hide'>
<div class='test-time-info'>
	<span class='label start-time'>Jun 21, 2023 03:01:03 PM</span>
	<span class='label end-time'>Jun 21, 2023 03:01:31 PM</span>
	<span class='label time-taken grey lighten-1 white-text'>0h 0m 27s+790ms</span>
</div>
<div class='test-steps'>
	<table class='bordered table-results'>
		<thead>
			<tr>
				<th>Status</th>
				<th>Timestamp</th>
				<th>Details</th>
			</tr>
		</thead>
		<tbody>
			<tr class='log' status='pass'>
				<td class='status pass' title='pass' alt='pass'><i class='material-icons'>check_circle</i></td>
				<td class='timestamp'>3:01:31 PM</td>
				<td class='step-details'>
						Test is passed
					
				</td>
			</tr>
		</tbody>
	</table>
</div>
						<ul class='screenshots'>
							<li><img class='r-img' onerror='this.style.display="none"' data-featherlight='C:\Users\2193395\eclipse-workspace\KFC_Canada_OLO\Scrshot\ClickfavouriteOrders.png' src='C:\Users\2193395\eclipse-workspace\KFC_Canada_OLO\Scrshot\ClickfavouriteOrders.png' data-src='C:\Users\2193395\eclipse-workspace\KFC_Canada_OLO\Scrshot\ClickfavouriteOrders.png'></li>
						</ul>
					</div>
				</li>
				<li class='test displayed active  pass' status='pass' bdd='false' test-id='22'>
					<div class='test-heading'>
						<span class='test-name'>ClickPreviousOrder</span>
						<span class='test-time'>Jun 21, 2023 03:01:35 PM</span>
						<span class='test-status right pass'>pass</span>
					</div>
					<div class='test-content hide'>
<div class='test-time-info'>
	<span class='label start-time'>Jun 21, 2023 03:01:35 PM</span>
	<span class='label end-time'>Jun 21, 2023 03:02:10 PM</span>
	<span class='label time-taken grey lighten-1 white-text'>0h 0m 34s+941ms</span>
</div>
<div class='test-steps'>
	<table class='bordered table-results'>
		<thead>
			<tr>
				<th>Status</th>
				<th>Timestamp</th>
				<th>Details</th>
			</tr>
		</thead>
		<tbody>
			<tr class='log' status='pass'>
				<td class='status pass' title='pass' alt='pass'><i class='material-icons'>check_circle</i></td>
				<td class='timestamp'>3:02:10 PM</td>
				<td class='step-details'>
						Test is passed
					
				</td>
			</tr>
		</tbody>
	</table>
</div>
						<ul class='screenshots'>
							<li><img class='r-img' onerror='this.style.display="none"' data-featherlight='C:\Users\2193395\eclipse-workspace\KFC_Canada_OLO\Scrshot\ClickPreviousOrder.png' src='C:\Users\2193395\eclipse-workspace\KFC_Canada_OLO\Scrshot\ClickPreviousOrder.png' data-src='C:\Users\2193395\eclipse-workspace\KFC_Canada_OLO\Scrshot\ClickPreviousOrder.png'></li>
						</ul>
					</div>
				</li>
				<li class='test displayed active  pass' status='pass' bdd='false' test-id='23'>
					<div class='test-heading'>
						<span class='test-name'>ValidateCheckoutTest</span>
						<span class='test-time'>Jun 21, 2023 03:02:13 PM</span>
						<span class='test-status right pass'>pass</span>
					</div>
					<div class='test-content hide'>
<div class='test-time-info'>
	<span class='label start-time'>Jun 21, 2023 03:02:13 PM</span>
	<span class='label end-time'>Jun 21, 2023 03:02:55 PM</span>
	<span class='label time-taken grey lighten-1 white-text'>0h 0m 42s+281ms</span>
</div>
<div class='test-steps'>
	<table class='bordered table-results'>
		<thead>
			<tr>
				<th>Status</th>
				<th>Timestamp</th>
				<th>Details</th>
			</tr>
		</thead>
		<tbody>
			<tr class='log' status='pass'>
				<td class='status pass' title='pass' alt='pass'><i class='material-icons'>check_circle</i></td>
				<td class='timestamp'>3:02:55 PM</td>
				<td class='step-details'>
						Test is passed
					
				</td>
			</tr>
		</tbody>
	</table>
</div>
						<ul class='screenshots'>
							<li><img class='r-img' onerror='this.style.display="none"' data-featherlight='C:\Users\2193395\eclipse-workspace\KFC_Canada_OLO\Scrshot\ValidateCheckoutTest.png' src='C:\Users\2193395\eclipse-workspace\KFC_Canada_OLO\Scrshot\ValidateCheckoutTest.png' data-src='C:\Users\2193395\eclipse-workspace\KFC_Canada_OLO\Scrshot\ValidateCheckoutTest.png'></li>
						</ul>
					</div>
				</li>
				<li class='test displayed active  pass' status='pass' bdd='false' test-id='24'>
					<div class='test-heading'>
						<span class='test-name'>ValidateRegisteredUserPickup_ByCash</span>
						<span class='test-time'>Jun 21, 2023 03:02:59 PM</span>
						<span class='test-status right pass'>pass</span>
					</div>
					<div class='test-content hide'>
<div class='test-time-info'>
	<span class='label start-time'>Jun 21, 2023 03:02:59 PM</span>
	<span class='label end-time'>Jun 21, 2023 03:03:40 PM</span>
	<span class='label time-taken grey lighten-1 white-text'>0h 0m 41s+43ms</span>
</div>
<div class='test-steps'>
	<table class='bordered table-results'>
		<thead>
			<tr>
				<th>Status</th>
				<th>Timestamp</th>
				<th>Details</th>
			</tr>
		</thead>
		<tbody>
			<tr class='log' status='pass'>
				<td class='status pass' title='pass' alt='pass'><i class='material-icons'>check_circle</i></td>
				<td class='timestamp'>3:03:40 PM</td>
				<td class='step-details'>
						Test is passed
					
				</td>
			</tr>
		</tbody>
	</table>
</div>
						<ul class='screenshots'>
							<li><img class='r-img' onerror='this.style.display="none"' data-featherlight='C:\Users\2193395\eclipse-workspace\KFC_Canada_OLO\Scrshot\ValidateRegisteredUserPickup_ByCash.png' src='C:\Users\2193395\eclipse-workspace\KFC_Canada_OLO\Scrshot\ValidateRegisteredUserPickup_ByCash.png' data-src='C:\Users\2193395\eclipse-workspace\KFC_Canada_OLO\Scrshot\ValidateRegisteredUserPickup_ByCash.png'></li>
						</ul>
					</div>
				</li>
				<li class='test displayed active  pass' status='pass' bdd='false' test-id='25'>
					<div class='test-heading'>
						<span class='test-name'>ValidateRegistermail</span>
						<span class='test-time'>Jun 21, 2023 03:03:43 PM</span>
						<span class='test-status right pass'>pass</span>
					</div>
					<div class='test-content hide'>
<div class='test-time-info'>
	<span class='label start-time'>Jun 21, 2023 03:03:43 PM</span>
	<span class='label end-time'>Jun 21, 2023 03:03:54 PM</span>
	<span class='label time-taken grey lighten-1 white-text'>0h 0m 11s+573ms</span>
</div>
<div class='test-steps'>
	<table class='bordered table-results'>
		<thead>
			<tr>
				<th>Status</th>
				<th>Timestamp</th>
				<th>Details</th>
			</tr>
		</thead>
		<tbody>
			<tr class='log' status='pass'>
				<td class='status pass' title='pass' alt='pass'><i class='material-icons'>check_circle</i></td>
				<td class='timestamp'>3:03:54 PM</td>
				<td class='step-details'>
						Test is passed
					
				</td>
			</tr>
		</tbody>
	</table>
</div>
						<ul class='screenshots'>
							<li><img class='r-img' onerror='this.style.display="none"' data-featherlight='C:\Users\2193395\eclipse-workspace\KFC_Canada_OLO\Scrshot\ValidateRegistermail.png' src='C:\Users\2193395\eclipse-workspace\KFC_Canada_OLO\Scrshot\ValidateRegistermail.png' data-src='C:\Users\2193395\eclipse-workspace\KFC_Canada_OLO\Scrshot\ValidateRegistermail.png'></li>
						</ul>
					</div>
				</li>
				<li class='test displayed active  pass' status='pass' bdd='false' test-id='26'>
					<div class='test-heading'>
						<span class='test-name'>ValidateNonRegisteredmail</span>
						<span class='test-time'>Jun 21, 2023 03:03:57 PM</span>
						<span class='test-status right pass'>pass</span>
					</div>
					<div class='test-content hide'>
<div class='test-time-info'>
	<span class='label start-time'>Jun 21, 2023 03:03:57 PM</span>
	<span class='label end-time'>Jun 21, 2023 03:04:08 PM</span>
	<span class='label time-taken grey lighten-1 white-text'>0h 0m 10s+813ms</span>
</div>
<div class='test-steps'>
	<table class='bordered table-results'>
		<thead>
			<tr>
				<th>Status</th>
				<th>Timestamp</th>
				<th>Details</th>
			</tr>
		</thead>
		<tbody>
			<tr class='log' status='pass'>
				<td class='status pass' title='pass' alt='pass'><i class='material-icons'>check_circle</i></td>
				<td class='timestamp'>3:04:08 PM</td>
				<td class='step-details'>
						Test is passed
					
				</td>
			</tr>
		</tbody>
	</table>
</div>
						<ul class='screenshots'>
							<li><img class='r-img' onerror='this.style.display="none"' data-featherlight='C:\Users\2193395\eclipse-workspace\KFC_Canada_OLO\Scrshot\ValidateNonRegisteredmail.png' src='C:\Users\2193395\eclipse-workspace\KFC_Canada_OLO\Scrshot\ValidateNonRegisteredmail.png' data-src='C:\Users\2193395\eclipse-workspace\KFC_Canada_OLO\Scrshot\ValidateNonRegisteredmail.png'></li>
						</ul>
					</div>
				</li>
				<li class='test displayed active  pass' status='pass' bdd='false' test-id='27'>
					<div class='test-heading'>
						<span class='test-name'>validateLoginInvalidIdValidPass</span>
						<span class='test-time'>Jun 21, 2023 03:04:11 PM</span>
						<span class='test-status right pass'>pass</span>
					</div>
					<div class='test-content hide'>
<div class='test-time-info'>
	<span class='label start-time'>Jun 21, 2023 03:04:11 PM</span>
	<span class='label end-time'>Jun 21, 2023 03:04:24 PM</span>
	<span class='label time-taken grey lighten-1 white-text'>0h 0m 13s+212ms</span>
</div>
<div class='test-steps'>
	<table class='bordered table-results'>
		<thead>
			<tr>
				<th>Status</th>
				<th>Timestamp</th>
				<th>Details</th>
			</tr>
		</thead>
		<tbody>
			<tr class='log' status='pass'>
				<td class='status pass' title='pass' alt='pass'><i class='material-icons'>check_circle</i></td>
				<td class='timestamp'>3:04:24 PM</td>
				<td class='step-details'>
						Test is passed
					
				</td>
			</tr>
		</tbody>
	</table>
</div>
						<ul class='screenshots'>
							<li><img class='r-img' onerror='this.style.display="none"' data-featherlight='C:\Users\2193395\eclipse-workspace\KFC_Canada_OLO\Scrshot\validateLoginInvalidIdValidPass.png' src='C:\Users\2193395\eclipse-workspace\KFC_Canada_OLO\Scrshot\validateLoginInvalidIdValidPass.png' data-src='C:\Users\2193395\eclipse-workspace\KFC_Canada_OLO\Scrshot\validateLoginInvalidIdValidPass.png'></li>
						</ul>
					</div>
				</li>
				<li class='test displayed active  pass' status='pass' bdd='false' test-id='28'>
					<div class='test-heading'>
						<span class='test-name'>ValidateBanners</span>
						<span class='test-time'>Jun 21, 2023 03:04:27 PM</span>
						<span class='test-status right pass'>pass</span>
					</div>
					<div class='test-content hide'>
<div class='test-time-info'>
	<span class='label start-time'>Jun 21, 2023 03:04:27 PM</span>
	<span class='label end-time'>Jun 21, 2023 03:04:41 PM</span>
	<span class='label time-taken grey lighten-1 white-text'>0h 0m 14s+389ms</span>
</div>
<div class='test-steps'>
	<table class='bordered table-results'>
		<thead>
			<tr>
				<th>Status</th>
				<th>Timestamp</th>
				<th>Details</th>
			</tr>
		</thead>
		<tbody>
			<tr class='log' status='pass'>
				<td class='status pass' title='pass' alt='pass'><i class='material-icons'>check_circle</i></td>
				<td class='timestamp'>3:04:31 PM</td>
				<td class='step-details'>
						Authonticated successfully
					<img class='r-img' onerror='this.style.display="none"' data-featherlight='C:\Users\2193395\eclipse-workspace\KFC_Canada_OLO\Scrshot\21062023030431.png.png' src='C:\Users\2193395\eclipse-workspace\KFC_Canada_OLO\Scrshot\21062023030431.png.png' data-src='C:\Users\2193395\eclipse-workspace\KFC_Canada_OLO\Scrshot\21062023030431.png.png'>
				</td>
			</tr>
			<tr class='log' status='pass'>
				<td class='status pass' title='pass' alt='pass'><i class='material-icons'>check_circle</i></td>
				<td class='timestamp'>3:04:36 PM</td>
				<td class='step-details'>
						Validated First Banner successfully
					<img class='r-img' onerror='this.style.display="none"' data-featherlight='C:\Users\2193395\eclipse-workspace\KFC_Canada_OLO\Scrshot\21062023030435.png.png' src='C:\Users\2193395\eclipse-workspace\KFC_Canada_OLO\Scrshot\21062023030435.png.png' data-src='C:\Users\2193395\eclipse-workspace\KFC_Canada_OLO\Scrshot\21062023030435.png.png'>
				</td>
			</tr>
			<tr class='log' status='pass'>
				<td class='status pass' title='pass' alt='pass'><i class='material-icons'>check_circle</i></td>
				<td class='timestamp'>3:04:37 PM</td>
				<td class='step-details'>
						Validated Second Banner successfully
					<img class='r-img' onerror='this.style.display="none"' data-featherlight='C:\Users\2193395\eclipse-workspace\KFC_Canada_OLO\Scrshot\21062023030437.png.png' src='C:\Users\2193395\eclipse-workspace\KFC_Canada_OLO\Scrshot\21062023030437.png.png' data-src='C:\Users\2193395\eclipse-workspace\KFC_Canada_OLO\Scrshot\21062023030437.png.png'>
				</td>
			</tr>
			<tr class='log' status='pass'>
				<td class='status pass' title='pass' alt='pass'><i class='material-icons'>check_circle</i></td>
				<td class='timestamp'>3:04:41 PM</td>
				<td class='step-details'>
						Validated Third Banner successfully
					<img class='r-img' onerror='this.style.display="none"' data-featherlight='C:\Users\2193395\eclipse-workspace\KFC_Canada_OLO\Scrshot\21062023030441.png.png' src='C:\Users\2193395\eclipse-workspace\KFC_Canada_OLO\Scrshot\21062023030441.png.png' data-src='C:\Users\2193395\eclipse-workspace\KFC_Canada_OLO\Scrshot\21062023030441.png.png'>
				</td>
			</tr>
			<tr class='log' status='pass'>
				<td class='status pass' title='pass' alt='pass'><i class='material-icons'>check_circle</i></td>
				<td class='timestamp'>3:04:41 PM</td>
				<td class='step-details'>
						Test is passed
					
				</td>
			</tr>
		</tbody>
	</table>
</div>
						<ul class='screenshots'>
							<li><img class='r-img' onerror='this.style.display="none"' data-featherlight='C:\Users\2193395\eclipse-workspace\KFC_Canada_OLO\Scrshot\ValidateBanners.png' src='C:\Users\2193395\eclipse-workspace\KFC_Canada_OLO\Scrshot\ValidateBanners.png' data-src='C:\Users\2193395\eclipse-workspace\KFC_Canada_OLO\Scrshot\ValidateBanners.png'></li>
						</ul>
					</div>
				</li>
				<li class='test displayed active  pass' status='pass' bdd='false' test-id='29'>
					<div class='test-heading'>
						<span class='test-name'>ValidateHeaderlinks</span>
						<span class='test-time'>Jun 21, 2023 03:04:45 PM</span>
						<span class='test-status right pass'>pass</span>
					</div>
					<div class='test-content hide'>
<div class='test-time-info'>
	<span class='label start-time'>Jun 21, 2023 03:04:45 PM</span>
	<span class='label end-time'>Jun 21, 2023 03:06:37 PM</span>
	<span class='label time-taken grey lighten-1 white-text'>0h 1m 52s+675ms</span>
</div>
<div class='test-steps'>
	<table class='bordered table-results'>
		<thead>
			<tr>
				<th>Status</th>
				<th>Timestamp</th>
				<th>Details</th>
			</tr>
		</thead>
		<tbody>
			<tr class='log' status='pass'>
				<td class='status pass' title='pass' alt='pass'><i class='material-icons'>check_circle</i></td>
				<td class='timestamp'>3:06:37 PM</td>
				<td class='step-details'>
						Test is passed
					
				</td>
			</tr>
		</tbody>
	</table>
</div>
						<ul class='screenshots'>
							<li><img class='r-img' onerror='this.style.display="none"' data-featherlight='C:\Users\2193395\eclipse-workspace\KFC_Canada_OLO\Scrshot\ValidateHeaderlinks.png' src='C:\Users\2193395\eclipse-workspace\KFC_Canada_OLO\Scrshot\ValidateHeaderlinks.png' data-src='C:\Users\2193395\eclipse-workspace\KFC_Canada_OLO\Scrshot\ValidateHeaderlinks.png'></li>
						</ul>
					</div>
				</li>
				<li class='test displayed active  pass' status='pass' bdd='false' test-id='30'>
					<div class='test-heading'>
						<span class='test-name'>Validate_Guest_User_PickUp_Future_Ordering_ByCard</span>
						<span class='test-time'>Jun 21, 2023 03:06:42 PM</span>
						<span class='test-status right pass'>pass</span>
					</div>
					<div class='test-content hide'>
<div class='test-time-info'>
	<span class='label start-time'>Jun 21, 2023 03:06:42 PM</span>
	<span class='label end-time'>Jun 21, 2023 03:07:10 PM</span>
	<span class='label time-taken grey lighten-1 white-text'>0h 0m 28s+405ms</span>
</div>
<div class='test-steps'>
	<table class='bordered table-results'>
		<thead>
			<tr>
				<th>Status</th>
				<th>Timestamp</th>
				<th>Details</th>
			</tr>
		</thead>
		<tbody>
			<tr class='log' status='pass'>
				<td class='status pass' title='pass' alt='pass'><i class='material-icons'>check_circle</i></td>
				<td class='timestamp'>3:07:10 PM</td>
				<td class='step-details'>
						Test is passed
					
				</td>
			</tr>
		</tbody>
	</table>
</div>
						<ul class='screenshots'>
							<li><img class='r-img' onerror='this.style.display="none"' data-featherlight='C:\Users\2193395\eclipse-workspace\KFC_Canada_OLO\Scrshot\Validate_Guest_User_PickUp_Future_Ordering_ByCard.png' src='C:\Users\2193395\eclipse-workspace\KFC_Canada_OLO\Scrshot\Validate_Guest_User_PickUp_Future_Ordering_ByCard.png' data-src='C:\Users\2193395\eclipse-workspace\KFC_Canada_OLO\Scrshot\Validate_Guest_User_PickUp_Future_Ordering_ByCard.png'></li>
						</ul>
					</div>
				</li>
				<li class='test displayed active  pass' status='pass' bdd='false' test-id='31'>
					<div class='test-heading'>
						<span class='test-name'>validateLoginValidIdInvalidPass</span>
						<span class='test-time'>Jun 21, 2023 03:07:13 PM</span>
						<span class='test-status right pass'>pass</span>
					</div>
					<div class='test-content hide'>
<div class='test-time-info'>
	<span class='label start-time'>Jun 21, 2023 03:07:13 PM</span>
	<span class='label end-time'>Jun 21, 2023 03:07:26 PM</span>
	<span class='label time-taken grey lighten-1 white-text'>0h 0m 12s+228ms</span>
</div>
<div class='test-steps'>
	<table class='bordered table-results'>
		<thead>
			<tr>
				<th>Status</th>
				<th>Timestamp</th>
				<th>Details</th>
			</tr>
		</thead>
		<tbody>
			<tr class='log' status='pass'>
				<td class='status pass' title='pass' alt='pass'><i class='material-icons'>check_circle</i></td>
				<td class='timestamp'>3:07:26 PM</td>
				<td class='step-details'>
						Test is passed
					
				</td>
			</tr>
		</tbody>
	</table>
</div>
						<ul class='screenshots'>
							<li><img class='r-img' onerror='this.style.display="none"' data-featherlight='C:\Users\2193395\eclipse-workspace\KFC_Canada_OLO\Scrshot\validateLoginValidIdInvalidPass.png' src='C:\Users\2193395\eclipse-workspace\KFC_Canada_OLO\Scrshot\validateLoginValidIdInvalidPass.png' data-src='C:\Users\2193395\eclipse-workspace\KFC_Canada_OLO\Scrshot\validateLoginValidIdInvalidPass.png'></li>
						</ul>
					</div>
				</li>
				<li class='test displayed active  pass' status='pass' bdd='false' test-id='32'>
					<div class='test-heading'>
						<span class='test-name'>ValidateGuestUserDelivery_ByCash</span>
						<span class='test-time'>Jun 21, 2023 03:07:29 PM</span>
						<span class='test-status right pass'>pass</span>
					</div>
					<div class='test-content hide'>
<div class='test-time-info'>
	<span class='label start-time'>Jun 21, 2023 03:07:29 PM</span>
	<span class='label end-time'>Jun 21, 2023 03:08:01 PM</span>
	<span class='label time-taken grey lighten-1 white-text'>0h 0m 32s+854ms</span>
</div>
<div class='test-steps'>
	<table class='bordered table-results'>
		<thead>
			<tr>
				<th>Status</th>
				<th>Timestamp</th>
				<th>Details</th>
			</tr>
		</thead>
		<tbody>
			<tr class='log' status='pass'>
				<td class='status pass' title='pass' alt='pass'><i class='material-icons'>check_circle</i></td>
				<td class='timestamp'>3:08:01 PM</td>
				<td class='step-details'>
						Test is passed
					
				</td>
			</tr>
		</tbody>
	</table>
</div>
						<ul class='screenshots'>
							<li><img class='r-img' onerror='this.style.display="none"' data-featherlight='C:\Users\2193395\eclipse-workspace\KFC_Canada_OLO\Scrshot\ValidateGuestUserDelivery_ByCash.png' src='C:\Users\2193395\eclipse-workspace\KFC_Canada_OLO\Scrshot\ValidateGuestUserDelivery_ByCash.png' data-src='C:\Users\2193395\eclipse-workspace\KFC_Canada_OLO\Scrshot\ValidateGuestUserDelivery_ByCash.png'></li>
						</ul>
					</div>
				</li>
				<li class='test displayed active  pass' status='pass' bdd='false' test-id='33'>
					<div class='test-heading'>
						<span class='test-name'>ValidateHeaderLinksForRegisterUser</span>
						<span class='test-time'>Jun 21, 2023 03:08:04 PM</span>
						<span class='test-status right pass'>pass</span>
					</div>
					<div class='test-content hide'>
<div class='test-time-info'>
	<span class='label start-time'>Jun 21, 2023 03:08:04 PM</span>
	<span class='label end-time'>Jun 21, 2023 03:09:51 PM</span>
	<span class='label time-taken grey lighten-1 white-text'>0h 1m 46s+192ms</span>
</div>
<div class='test-steps'>
	<table class='bordered table-results'>
		<thead>
			<tr>
				<th>Status</th>
				<th>Timestamp</th>
				<th>Details</th>
			</tr>
		</thead>
		<tbody>
			<tr class='log' status='pass'>
				<td class='status pass' title='pass' alt='pass'><i class='material-icons'>check_circle</i></td>
				<td class='timestamp'>3:09:51 PM</td>
				<td class='step-details'>
						Test is passed
					
				</td>
			</tr>
		</tbody>
	</table>
</div>
						<ul class='screenshots'>
							<li><img class='r-img' onerror='this.style.display="none"' data-featherlight='C:\Users\2193395\eclipse-workspace\KFC_Canada_OLO\Scrshot\ValidateHeaderLinksForRegisterUser.png' src='C:\Users\2193395\eclipse-workspace\KFC_Canada_OLO\Scrshot\ValidateHeaderLinksForRegisterUser.png' data-src='C:\Users\2193395\eclipse-workspace\KFC_Canada_OLO\Scrshot\ValidateHeaderLinksForRegisterUser.png'></li>
						</ul>
					</div>
				</li>
				<li class='test displayed active  pass' status='pass' bdd='false' test-id='34'>
					<div class='test-heading'>
						<span class='test-name'>ValidateGuestUserPickup_ByCard</span>
						<span class='test-time'>Jun 21, 2023 03:09:55 PM</span>
						<span class='test-status right pass'>pass</span>
					</div>
					<div class='test-content hide'>
<div class='test-time-info'>
	<span class='label start-time'>Jun 21, 2023 03:09:55 PM</span>
	<span class='label end-time'>Jun 21, 2023 03:10:21 PM</span>
	<span class='label time-taken grey lighten-1 white-text'>0h 0m 26s+524ms</span>
</div>
<div class='test-steps'>
	<table class='bordered table-results'>
		<thead>
			<tr>
				<th>Status</th>
				<th>Timestamp</th>
				<th>Details</th>
			</tr>
		</thead>
		<tbody>
			<tr class='log' status='pass'>
				<td class='status pass' title='pass' alt='pass'><i class='material-icons'>check_circle</i></td>
				<td class='timestamp'>3:10:21 PM</td>
				<td class='step-details'>
						Test is passed
					
				</td>
			</tr>
		</tbody>
	</table>
</div>
						<ul class='screenshots'>
							<li><img class='r-img' onerror='this.style.display="none"' data-featherlight='C:\Users\2193395\eclipse-workspace\KFC_Canada_OLO\Scrshot\ValidateGuestUserPickup_ByCard.png' src='C:\Users\2193395\eclipse-workspace\KFC_Canada_OLO\Scrshot\ValidateGuestUserPickup_ByCard.png' data-src='C:\Users\2193395\eclipse-workspace\KFC_Canada_OLO\Scrshot\ValidateGuestUserPickup_ByCard.png'></li>
						</ul>
					</div>
				</li>
				<li class='test displayed active  pass' status='pass' bdd='false' test-id='35'>
					<div class='test-heading'>
						<span class='test-name'>ValidateRegisteredUserDeliveryStoreSelection</span>
						<span class='test-time'>Jun 21, 2023 03:10:24 PM</span>
						<span class='test-status right pass'>pass</span>
					</div>
					<div class='test-content hide'>
<div class='test-time-info'>
	<span class='label start-time'>Jun 21, 2023 03:10:24 PM</span>
	<span class='label end-time'>Jun 21, 2023 03:10:24 PM</span>
	<span class='label time-taken grey lighten-1 white-text'>0h 0m 0s+0ms</span>
</div>
					</div>
				</li>
				<li class='test displayed active  pass' status='pass' bdd='false' test-id='36'>
					<div class='test-heading'>
						<span class='test-name'>ValidateLoginValidIdandPass</span>
						<span class='test-time'>Jun 21, 2023 03:10:26 PM</span>
						<span class='test-status right pass'>pass</span>
					</div>
					<div class='test-content hide'>
<div class='test-time-info'>
	<span class='label start-time'>Jun 21, 2023 03:10:26 PM</span>
	<span class='label end-time'>Jun 21, 2023 03:10:26 PM</span>
	<span class='label time-taken grey lighten-1 white-text'>0h 0m 0s+0ms</span>
</div>
					</div>
				</li>
				<li class='test displayed active  pass' status='pass' bdd='false' test-id='37'>
					<div class='test-heading'>
						<span class='test-name'>EnterInValidCardDetails</span>
						<span class='test-time'>Jun 21, 2023 03:10:28 PM</span>
						<span class='test-status right pass'>pass</span>
					</div>
					<div class='test-content hide'>
<div class='test-time-info'>
	<span class='label start-time'>Jun 21, 2023 03:10:28 PM</span>
	<span class='label end-time'>Jun 21, 2023 03:10:28 PM</span>
	<span class='label time-taken grey lighten-1 white-text'>0h 0m 0s+0ms</span>
</div>
					</div>
				</li>
				<li class='test displayed active  pass' status='pass' bdd='false' test-id='38'>
					<div class='test-heading'>
						<span class='test-name'>ValidateGuestUserPickupStoreSelection</span>
						<span class='test-time'>Jun 21, 2023 03:10:31 PM</span>
						<span class='test-status right pass'>pass</span>
					</div>
					<div class='test-content hide'>
<div class='test-time-info'>
	<span class='label start-time'>Jun 21, 2023 03:10:31 PM</span>
	<span class='label end-time'>Jun 21, 2023 03:10:31 PM</span>
	<span class='label time-taken grey lighten-1 white-text'>0h 0m 0s+0ms</span>
</div>
					</div>
				</li>
				<li class='test displayed active  pass' status='pass' bdd='false' test-id='39'>
					<div class='test-heading'>
						<span class='test-name'>ValidateRegisteredUser_Delivery_Future_Ordering_ByCard</span>
						<span class='test-time'>Jun 21, 2023 03:10:33 PM</span>
						<span class='test-status right pass'>pass</span>
					</div>
					<div class='test-content hide'>
<div class='test-time-info'>
	<span class='label start-time'>Jun 21, 2023 03:10:33 PM</span>
	<span class='label end-time'>Jun 21, 2023 03:10:33 PM</span>
	<span class='label time-taken grey lighten-1 white-text'>0h 0m 0s+0ms</span>
</div>
					</div>
				</li>
				<li class='test displayed active  pass' status='pass' bdd='false' test-id='40'>
					<div class='test-heading'>
						<span class='test-name'>ValidateRegisteredUserDelivery_ByCash</span>
						<span class='test-time'>Jun 21, 2023 03:10:36 PM</span>
						<span class='test-status right pass'>pass</span>
					</div>
					<div class='test-content hide'>
<div class='test-time-info'>
	<span class='label start-time'>Jun 21, 2023 03:10:36 PM</span>
	<span class='label end-time'>Jun 21, 2023 03:10:36 PM</span>
	<span class='label time-taken grey lighten-1 white-text'>0h 0m 0s+0ms</span>
</div>
					</div>
				</li>
			</ul>
		</div>
	</div>
	<!-- subview left -->
	<div class='subview-right left'>
		<div class='view-summary'>
			<div id='step-filters' class="right sr-filters">
				<a class="btn-floating waves-effect waves-light green" status="pass" alt="pass" title="pass"><i class="material-icons">check_circle</i></a>
				<a class="btn-floating waves-effect waves-light red" status="fail" alt="fail" title="fail"><i class="material-icons">cancel</i></a>
				<a class="btn-floating waves-effect waves-light red darken-4" status="fatal" alt="fatal" title="fatal"><i class="material-icons">cancel</i></a>
				<a class="btn-floating waves-effect waves-light pink text-lighten-1" status="error" alt="error" title="error"><i class="material-icons">error</i></a>
				<a class="btn-floating waves-effect waves-light orange" alt="warning" status="warning" title="warning"><i class="material-icons">warning</i></a>
				<a class="btn-floating waves-effect waves-light teal" status="skip" alt="skip" title="skip"><i class="material-icons">redo</i></a>
				<a class="btn-floating waves-effect waves-light grey" status="clear" alt="Clear filters" title="Clear filters"><i class="material-icons">clear</i></a>
			</div>
			<h5 class='test-name'></h5>
		</div>
	</div>
	<!-- subview right -->
</div>
<!-- test view --><!-- category view --><div id='exception-view' class='view hide'>
	<section id='controls'>
		<div class='controls grey lighten-4'>
			<!-- search -->
			<div class='chip transparent' alt='Search Tests' title='Search Tests'>
				<a href="#" class='search-div'>
				<i class='material-icons'>search</i> Search
				</a>
				<div class='input-field left hide'>
					<input id='search-tests' type='text' class='validate browser-default' placeholder='Search Tests...'>
				</div>
			</div>
			<!-- search -->
		</div>
	</section>
	<div class='subview-left left'>
		<div class='view-summary'>
			<ul id='exception-collection' class='exception-collection'>
				<li class='exception displayed active'>
					<div class='exception-heading'>
						<span class='exception-name'>org.openqa.selenium.NoSuchElementException</span>
						<span class='exception-count right'><span class='label red lighten-1 white-text'>2</span></span>
					</div>
					<div class='exception-content hide'>
						<div class='exception-tests'>
							<table class='bordered table-results'>
								<thead>
									<tr>
										<th>Timestamp</th>
										<th>TestName</th>
										<th>Status</th>
									</tr>
								</thead>
								<tbody>
									<tr>
										<td>Jun 21, 2023 02:46:38 PM</td>
										<td class='linked' test-id='2'>ValidateRegisteredUser_Delivery_Future_Ordering_ByCash</td>
										<td>
											<textarea disabled class="code-block">org.openqa.selenium.NoSuchElementException: no such element: Unable to locate element: {"method":"xpath","selector":"//button[@class='btn']"}
  (Session info: chrome=111.0.5563.111)
For documentation on this error, please visit: https://selenium.dev/exceptions/#no_such_element
Build info: version: '4.6.0', revision: '79f1c02ae20'
System info: os.name: 'Windows 11', os.arch: 'amd64', os.version: '10.0', java.version: '19.0.1'
Driver info: org.openqa.selenium.chrome.ChromeDriver
Command: [ebee13e0de95b16b0e8fd84ff60d5e44, findElement {using=xpath, value=//button[@class='btn']}]
Capabilities {acceptInsecureCerts: false, browserName: chrome, browserVersion: 111.0.5563.111, chrome: {chromedriverVersion: 111.0.5563.64 (c710e93d5b63..., userDataDir: C:\Program Files (x86)\scop...}, goog:chromeOptions: {debuggerAddress: localhost:54700}, networkConnectionEnabled: false, pageLoadStrategy: normal, platformName: WINDOWS, proxy: Proxy(), se:cdp: ws://localhost:54700/devtoo..., se:cdpVersion: 111.0.5563.111, setWindowRect: true, strictFileInteractability: false, timeouts: {implicit: 0, pageLoad: 300000, script: 30000}, unhandledPromptBehavior: dismiss and notify, webauthn:extension:credBlob: true, webauthn:extension:largeBlob: true, webauthn:extension:minPinLength: true, webauthn:extension:prf: true, webauthn:virtualAuthenticators: true}
Session ID: ebee13e0de95b16b0e8fd84ff60d5e44
	at java.base/jdk.internal.reflect.DirectConstructorHandleAccessor.newInstance(DirectConstructorHandleAccessor.java:67)
	at java.base/java.lang.reflect.Constructor.newInstanceWithCaller(Constructor.java:500)
	at java.base/java.lang.reflect.Constructor.newInstance(Constructor.java:484)
	at org.openqa.selenium.remote.codec.w3c.W3CHttpResponseCodec.createException(W3CHttpResponseCodec.java:200)
	at org.openqa.selenium.remote.codec.w3c.W3CHttpResponseCodec.decode(W3CHttpResponseCodec.java:133)
	at org.openqa.selenium.remote.codec.w3c.W3CHttpResponseCodec.decode(W3CHttpResponseCodec.java:53)
	at org.openqa.selenium.remote.HttpCommandExecutor.execute(HttpCommandExecutor.java:184)
	at org.openqa.selenium.remote.service.DriverCommandExecutor.invokeExecute(DriverCommandExecutor.java:167)
	at org.openqa.selenium.remote.service.DriverCommandExecutor.execute(DriverCommandExecutor.java:142)
	at org.openqa.selenium.remote.RemoteWebDriver.execute(RemoteWebDriver.java:541)
	at org.openqa.selenium.remote.ElementLocation$ElementFinder$2.findElement(ElementLocation.java:162)
	at org.openqa.selenium.remote.ElementLocation.findElement(ElementLocation.java:60)
	at org.openqa.selenium.remote.RemoteWebDriver.findElement(RemoteWebDriver.java:365)
	at org.openqa.selenium.remote.RemoteWebDriver.findElement(RemoteWebDriver.java:357)
	at org.openqa.selenium.support.pagefactory.DefaultElementLocator.findElement(DefaultElementLocator.java:70)
	at org.openqa.selenium.support.pagefactory.internal.LocatingElementHandler.invoke(LocatingElementHandler.java:39)
	at jdk.proxy2/jdk.proxy2.$Proxy15.click(Unknown Source)
	at testcases.RegisteredUser_Delivery_Future_Ordering_ByCash.ValidateRegisteredUser_Delivery_Future_Ordering_ByCash(RegisteredUser_Delivery_Future_Ordering_ByCash.java:17)
	at java.base/jdk.internal.reflect.DirectMethodHandleAccessor.invoke(DirectMethodHandleAccessor.java:104)
	at java.base/java.lang.reflect.Method.invoke(Method.java:578)
	at org.testng.internal.MethodInvocationHelper.invokeMethod(MethodInvocationHelper.java:133)
	at org.testng.internal.TestInvoker.invokeMethod(TestInvoker.java:598)
	at org.testng.internal.TestInvoker.invokeTestMethod(TestInvoker.java:173)
	at org.testng.internal.MethodRunner.runInSequence(MethodRunner.java:46)
	at org.testng.internal.TestInvoker$MethodInvocationAgent.invoke(TestInvoker.java:824)
	at org.testng.internal.TestInvoker.invokeTestMethods(TestInvoker.java:146)
	at org.testng.internal.TestMethodWorker.invokeTestMethods(TestMethodWorker.java:146)
	at org.testng.internal.TestMethodWorker.run(TestMethodWorker.java:128)
	at java.base/java.util.ArrayList.forEach(ArrayList.java:1511)
	at org.testng.TestRunner.privateRun(TestRunner.java:794)
	at org.testng.TestRunner.run(TestRunner.java:596)
	at org.testng.SuiteRunner.runTest(SuiteRunner.java:377)
	at org.testng.SuiteRunner.runSequentially(SuiteRunner.java:371)
	at org.testng.SuiteRunner.privateRun(SuiteRunner.java:332)
	at org.testng.SuiteRunner.run(SuiteRunner.java:276)
	at org.testng.SuiteRunnerWorker.runSuite(SuiteRunnerWorker.java:53)
	at org.testng.SuiteRunnerWorker.run(SuiteRunnerWorker.java:96)
	at org.testng.TestNG.runSuitesSequentially(TestNG.java:1212)
	at org.testng.TestNG.runSuitesLocally(TestNG.java:1134)
	at org.testng.TestNG.runSuites(TestNG.java:1063)
	at org.testng.TestNG.run(TestNG.java:1031)
	at org.apache.maven.surefire.testng.TestNGExecutor.run(TestNGExecutor.java:324)
	at org.apache.maven.surefire.testng.TestNGXmlTestSuite.execute(TestNGXmlTestSuite.java:74)
	at org.apache.maven.surefire.testng.TestNGProvider.invoke(TestNGProvider.java:123)
	at org.apache.maven.surefire.booter.ForkedBooter.runSuitesInProcess(ForkedBooter.java:456)
	at org.apache.maven.surefire.booter.ForkedBooter.execute(ForkedBooter.java:169)
	at org.apache.maven.surefire.booter.ForkedBooter.run(ForkedBooter.java:595)
	at org.apache.maven.surefire.booter.ForkedBooter.main(ForkedBooter.java:581)
</textarea>
										</td>
									</tr>
									<tr>
										<td>Jun 21, 2023 02:55:06 PM</td>
										<td class='linked' test-id='11'>ClicksavedAddesses</td>
										<td>
											<textarea disabled class="code-block">org.openqa.selenium.NoSuchElementException: no such element: Unable to locate element: {"method":"xpath","selector":"//button[@class='btn']"}
  (Session info: chrome=111.0.5563.111)
For documentation on this error, please visit: https://selenium.dev/exceptions/#no_such_element
Build info: version: '4.6.0', revision: '79f1c02ae20'
System info: os.name: 'Windows 11', os.arch: 'amd64', os.version: '10.0', java.version: '19.0.1'
Driver info: org.openqa.selenium.chrome.ChromeDriver
Command: [19a061332521609cdee92a56a70532c7, findElement {using=xpath, value=//button[@class='btn']}]
Capabilities {acceptInsecureCerts: false, browserName: chrome, browserVersion: 111.0.5563.111, chrome: {chromedriverVersion: 111.0.5563.64 (c710e93d5b63..., userDataDir: C:\Program Files (x86)\scop...}, goog:chromeOptions: {debuggerAddress: localhost:58197}, networkConnectionEnabled: false, pageLoadStrategy: normal, platformName: WINDOWS, proxy: Proxy(), se:cdp: ws://localhost:58197/devtoo..., se:cdpVersion: 111.0.5563.111, setWindowRect: true, strictFileInteractability: false, timeouts: {implicit: 0, pageLoad: 300000, script: 30000}, unhandledPromptBehavior: dismiss and notify, webauthn:extension:credBlob: true, webauthn:extension:largeBlob: true, webauthn:extension:minPinLength: true, webauthn:extension:prf: true, webauthn:virtualAuthenticators: true}
Session ID: 19a061332521609cdee92a56a70532c7
	at java.base/jdk.internal.reflect.DirectConstructorHandleAccessor.newInstance(DirectConstructorHandleAccessor.java:67)
	at java.base/java.lang.reflect.Constructor.newInstanceWithCaller(Constructor.java:500)
	at java.base/java.lang.reflect.Constructor.newInstance(Constructor.java:484)
	at org.openqa.selenium.remote.codec.w3c.W3CHttpResponseCodec.createException(W3CHttpResponseCodec.java:200)
	at org.openqa.selenium.remote.codec.w3c.W3CHttpResponseCodec.decode(W3CHttpResponseCodec.java:133)
	at org.openqa.selenium.remote.codec.w3c.W3CHttpResponseCodec.decode(W3CHttpResponseCodec.java:53)
	at org.openqa.selenium.remote.HttpCommandExecutor.execute(HttpCommandExecutor.java:184)
	at org.openqa.selenium.remote.service.DriverCommandExecutor.invokeExecute(DriverCommandExecutor.java:167)
	at org.openqa.selenium.remote.service.DriverCommandExecutor.execute(DriverCommandExecutor.java:142)
	at org.openqa.selenium.remote.RemoteWebDriver.execute(RemoteWebDriver.java:541)
	at org.openqa.selenium.remote.ElementLocation$ElementFinder$2.findElement(ElementLocation.java:162)
	at org.openqa.selenium.remote.ElementLocation.findElement(ElementLocation.java:60)
	at org.openqa.selenium.remote.RemoteWebDriver.findElement(RemoteWebDriver.java:365)
	at org.openqa.selenium.remote.RemoteWebDriver.findElement(RemoteWebDriver.java:357)
	at org.openqa.selenium.support.pagefactory.DefaultElementLocator.findElement(DefaultElementLocator.java:70)
	at org.openqa.selenium.support.pagefactory.internal.LocatingElementHandler.invoke(LocatingElementHandler.java:39)
	at jdk.proxy2/jdk.proxy2.$Proxy15.click(Unknown Source)
	at testcases.ValidateMyAccountTC4.ClicksavedAddesses(ValidateMyAccountTC4.java:13)
	at java.base/jdk.internal.reflect.DirectMethodHandleAccessor.invoke(DirectMethodHandleAccessor.java:104)
	at java.base/java.lang.reflect.Method.invoke(Method.java:578)
	at org.testng.internal.MethodInvocationHelper.invokeMethod(MethodInvocationHelper.java:133)
	at org.testng.internal.TestInvoker.invokeMethod(TestInvoker.java:598)
	at org.testng.internal.TestInvoker.invokeTestMethod(TestInvoker.java:173)
	at org.testng.internal.MethodRunner.runInSequence(MethodRunner.java:46)
	at org.testng.internal.TestInvoker$MethodInvocationAgent.invoke(TestInvoker.java:824)
	at org.testng.internal.TestInvoker.invokeTestMethods(TestInvoker.java:146)
	at org.testng.internal.TestMethodWorker.invokeTestMethods(TestMethodWorker.java:146)
	at org.testng.internal.TestMethodWorker.run(TestMethodWorker.java:128)
	at java.base/java.util.ArrayList.forEach(ArrayList.java:1511)
	at org.testng.TestRunner.privateRun(TestRunner.java:794)
	at org.testng.TestRunner.run(TestRunner.java:596)
	at org.testng.SuiteRunner.runTest(SuiteRunner.java:377)
	at org.testng.SuiteRunner.runSequentially(SuiteRunner.java:371)
	at org.testng.SuiteRunner.privateRun(SuiteRunner.java:332)
	at org.testng.SuiteRunner.run(SuiteRunner.java:276)
	at org.testng.SuiteRunnerWorker.runSuite(SuiteRunnerWorker.java:53)
	at org.testng.SuiteRunnerWorker.run(SuiteRunnerWorker.java:96)
	at org.testng.TestNG.runSuitesSequentially(TestNG.java:1212)
	at org.testng.TestNG.runSuitesLocally(TestNG.java:1134)
	at org.testng.TestNG.runSuites(TestNG.java:1063)
	at org.testng.TestNG.run(TestNG.java:1031)
	at org.apache.maven.surefire.testng.TestNGExecutor.run(TestNGExecutor.java:324)
	at org.apache.maven.surefire.testng.TestNGXmlTestSuite.execute(TestNGXmlTestSuite.java:74)
	at org.apache.maven.surefire.testng.TestNGProvider.invoke(TestNGProvider.java:123)
	at org.apache.maven.surefire.booter.ForkedBooter.runSuitesInProcess(ForkedBooter.java:456)
	at org.apache.maven.surefire.booter.ForkedBooter.execute(ForkedBooter.java:169)
	at org.apache.maven.surefire.booter.ForkedBooter.run(ForkedBooter.java:595)
	at org.apache.maven.surefire.booter.ForkedBooter.main(ForkedBooter.java:581)
</textarea>
										</td>
									</tr>
								</tbody>
							</table>
						</div>
					</div>
				</li>
			</ul>
		</div>
	</div>
	<div class='subview-right left'>
		<div class='view-summary'>
			<h5 class='exception-name'></h5>
		</div>
	</div>
</div>
<!-- exception view --><div id='dashboard-view' class='view hide'>
	<div class='card-panel transparent np-v'>
		<h5>Dashboard</h5>

		<div class='row'>
			<div class='col s2'>
				<div class='card-panel r'>
					Tests
					<div class='panel-lead'>40</div>
				</div>
			</div>
			<div class='col s2'>
				<div class='card-panel r'>
					Steps
					<div class='panel-lead'>0</div>
				</div>
			</div>
			<div class='col s2'>
				<div class='card-panel r'>
					Start
					<div class='panel-lead'>Jun 21, 2023 02:46:01 PM</div>
				</div>
			</div>
			<div class='col s2'>
				<div class='card-panel r'>
			 		End
			 		<div class='panel-lead'>Jun 21, 2023 03:10:36 PM</div>
				</div>
			</div>
			<div class='col s2'>
				<div class='card-panel r'>
					Time Taken
					<div class='panel-lead'>0h 24m 35s+421ms</div>
				</div>
			</div>
			<div class='col s4'>
				<div class='card-panel dashboard-environment'>
					<span class='right label cyan white-text'>Environment</span><p>&nbsp;</p>
					
					<table>
						<tr>
							<th>Name</th>
							<th>Value</th>
						</tr>
							<tr>
								<td>OS</td>
								<td>Windows 11</td>
							</tr>
							<tr>
								<td>Tester</td>
								<td>QA Team Canada</td>
							</tr>
					</table>
				</div>
			</div>
		</div>
	</div>
</div>
<!-- dashboard view -->
<!-- testrunner-logs view -->		</div>
		<!-- container -->
		<script>
			var statusGroup = {
                parentCount: 40,
				passParent: 38,
				failParent: 2,
				fatalParent: 0,
				errorParent: 0,
				warningParent: 0,
				skipParent: 0,
				exceptionsParent: 2,
				childCount: 0,
				passChild: 0,
				failChild: 0,
				fatalChild: 0,
				errorChild: 0,
				warningChild: 0,
				skipChild: 0,
				infoChild: 0,
				debugChild: 0,
				exceptionsChild: 0,
				grandChildCount: 0,
				passGrandChild: 0,
				failGrandChild: 0,
				fatalGrandChild: 0,
				errorGrandChild: 0,
				warningGrandChild: 0,
				skipGrandChild: 0,
				infoGrandChild: 0,
				debugGrandChild: 0,
				exceptionsGrandChild: 0,
			};
		</script>
		<script>
			var timeline = {
			        "ValidateInvalid_Coupon":28.078,"ValidateRegisteredUser_Delivery_Future_Ordering_ByCash":41.74,"ValidateFooterlinks":238.503,"ValidateCoupons_Above_10":38.077,"ValidateRegisteredUserPickup_ByCard":42.673,"ValidateFindAKFC":7.555,"Validate_Guest_User_PickUp_Future_Ordering_ByCash":27.62,"ValidateGuestUserDelivery_ByCard":33.059,"validateLoginInvalidIdandPass":12.691,"ValidateBehindTheBucket_ByGuestUser":12.642,"ClicksavedAddesses":43.288,"ValidateCoupons":37.336,"ClickfavouriteItems":26.916,"Clicksignout":26.084,"ValidateGuestUserDeliveryStoreSelection":12.534,"ValidatePlusAndMinusInCartPageTest":65.687,"ValidateBehindTheBucket_ByRegisteredUser":21.517,"ValidateRegisteredUserPickupStoreSelection":22.835,"ValidateRegisteredUserDelivery_ByCard":41.216,"ValidateGuestUserPickup_ByCash":24.148,"ClickfavouriteOrders":27.79,"ClickPreviousOrder":34.941,"ValidateCheckoutTest":42.281,"ValidateRegisteredUserPickup_ByCash":41.043,"ValidateRegistermail":11.573,"ValidateNonRegisteredmail":10.813,"validateLoginInvalidIdValidPass":13.212,"ValidateBanners":14.389,"ValidateHeaderlinks":112.675,"Validate_Guest_User_PickUp_Future_Ordering_ByCard":28.405,"validateLoginValidIdInvalidPass":12.228,"ValidateGuestUserDelivery_ByCash":32.854,"ValidateHeaderLinksForRegisterUser":106.192,"ValidateGuestUserPickup_ByCard":26.524,"ValidateRegisteredUserDeliveryStoreSelection":0,"ValidateLoginValidIdandPass":0,"EnterInValidCardDetails":0,"ValidateGuestUserPickupStoreSelection":0,"ValidateRegisteredUser_Delivery_Future_Ordering_ByCard":0,"ValidateRegisteredUserDelivery_ByCash":0
			};
		</script>
		<script src='https://cdn.rawgit.com/extent-framework/extent-github-cdn/b65cd69/v3html/js/extent.js' type='text/javascript'></script>
		<script type='text/javascript'>
		</script>
	</body>
</html>